#
# There is insufficient memory for the Java Runtime Environment to continue.
# Native memory allocation (malloc) failed to allocate 521616 bytes for Chunk::new
# Possible reasons:
#   The system is out of physical RAM or swap space
#   The process is running with CompressedOops enabled, and the Java Heap may be blocking the growth of the native heap
# Possible solutions:
#   Reduce memory load on the system
#   Increase physical memory or swap space
#   Check if swap backing store is full
#   Decrease Java heap size (-Xmx/-Xms)
#   Decrease number of Java threads
#   Decrease Java thread stack sizes (-Xss)
#   Set larger code cache with -XX:ReservedCodeCacheSize=
#   JVM is running with Unscaled Compressed Oops mode in which the Java heap is
#     placed in the first 4GB address space. The Java Heap base address is the
#     maximum limit for the native heap growth. Please use -XX:HeapBaseMinAddress
#     to set the Java Heap base and to place the Java Heap above 4GB virtual address.
# This output file may be truncated or incomplete.
#
#  Out of Memory Error (./src/hotspot/share/memory/arena.cpp:197), pid=23512, tid=8600
#
# JRE version: OpenJDK Runtime Environment Corretto-11.0.11.9.1 (11.0.11+9) (build 11.0.11+9-LTS)
# Java VM: OpenJDK 64-Bit Server VM Corretto-11.0.11.9.1 (11.0.11+9-LTS, mixed mode, tiered, compressed oops, g1 gc, windows-amd64)
# No core dump will be written. Minidumps are not enabled by default on client versions of Windows
#

---------------  S U M M A R Y ------------

Command Line: -Dclassworlds.conf=C:\Program Files\Maven\apache-maven-3.8.6\bin\m2.conf -Dmaven.home=C:\Program Files\Maven\apache-maven-3.8.6 -Dlibrary.jansi.path=C:\Program Files\Maven\apache-maven-3.8.6\lib\jansi-native -Dmaven.multiModuleProjectDirectory=C:\Users\Anton\source\4k-1c\labs\programming_into_internet\lab3 org.codehaus.plexus.classworlds.launcher.Launcher tomcat7:run

Host: Intel(R) Core(TM) i5-8250U CPU @ 1.60GHz, 8 cores, 7G,  Windows 10 , 64 bit Build 18362 (10.0.18362.959)
Time: Wed Oct 12 06:44:38 2022 Aaea?onu (ceia) elapsed time: 11.409820 seconds (0d 0h 0m 11s)

---------------  T H R E A D  ---------------

Current thread (0x00000204c31b9000):  JavaThread "C2 CompilerThread0" daemon [_thread_in_native, id=8600, stack(0x000000b418800000,0x000000b418900000)]


Current CompileTask:
C2:  11409 4862       4       org.codehaus.plexus.classworlds.realm.Entry::matches (282 bytes)

Stack: [0x000000b418800000,0x000000b418900000]
Native frames: (J=compiled Java code, j=interpreted, Vv=VM code, C=native code)
V  [jvm.dll+0x5f867a]
V  [jvm.dll+0x78124e]
V  [jvm.dll+0x78291f]
V  [jvm.dll+0x782fe3]
V  [jvm.dll+0x246e88]
V  [jvm.dll+0xbe2ac]
V  [jvm.dll+0xbe9ac]
V  [jvm.dll+0x34c7e7]
V  [jvm.dll+0x198f51]
V  [jvm.dll+0x200ad2]
V  [jvm.dll+0x1ffbaf]
V  [jvm.dll+0x184b4c]
V  [jvm.dll+0x20ee67]
V  [jvm.dll+0x20d04b]
V  [jvm.dll+0x745629]
V  [jvm.dll+0x73e694]
V  [jvm.dll+0x5f74f6]
C  [ucrtbase.dll+0x20e82]
C  [KERNEL32.DLL+0x17bd4]
C  [ntdll.dll+0x6ce51]


---------------  P R O C E S S  ---------------

Threads class SMR info:
_java_thread_list=0x00000204cd34ec00, length=19, elements={
0x00000204a38fd000, 0x00000204c2840000, 0x00000204c2841000, 0x00000204c31a6800,
0x00000204c31a7800, 0x00000204c31ab000, 0x00000204c31b9000, 0x00000204c285b000,
0x00000204c285c000, 0x00000204c3318800, 0x00000204c4d1e000, 0x00000204c66bd000,
0x00000204cafa5000, 0x00000204c675a800, 0x00000204cafbb800, 0x00000204c7463800,
0x00000204c4d26000, 0x00000204cb9fa800, 0x00000204ca44b800
}

Java Threads: ( => current thread )
  0x00000204a38fd000 JavaThread "main" [_thread_blocked, id=12668, stack(0x000000b417c00000,0x000000b417d00000)]
  0x00000204c2840000 JavaThread "Reference Handler" daemon [_thread_blocked, id=24568, stack(0x000000b418300000,0x000000b418400000)]
  0x00000204c2841000 JavaThread "Finalizer" daemon [_thread_blocked, id=13836, stack(0x000000b418400000,0x000000b418500000)]
  0x00000204c31a6800 JavaThread "Signal Dispatcher" daemon [_thread_blocked, id=11488, stack(0x000000b418500000,0x000000b418600000)]
  0x00000204c31a7800 JavaThread "Attach Listener" daemon [_thread_blocked, id=15256, stack(0x000000b418600000,0x000000b418700000)]
  0x00000204c31ab000 JavaThread "Service Thread" daemon [_thread_blocked, id=18448, stack(0x000000b418700000,0x000000b418800000)]
=>0x00000204c31b9000 JavaThread "C2 CompilerThread0" daemon [_thread_in_native, id=8600, stack(0x000000b418800000,0x000000b418900000)]
  0x00000204c285b000 JavaThread "C1 CompilerThread0" daemon [_thread_blocked, id=19668, stack(0x000000b418900000,0x000000b418a00000)]
  0x00000204c285c000 JavaThread "Sweeper thread" daemon [_thread_blocked, id=20516, stack(0x000000b418a00000,0x000000b418b00000)]
  0x00000204c3318800 JavaThread "Common-Cleaner" daemon [_thread_blocked, id=20360, stack(0x000000b418c00000,0x000000b418d00000)]
  0x00000204c4d1e000 JavaThread "Tomcat-startStop-1" daemon [_thread_blocked, id=18300, stack(0x000000b419200000,0x000000b419300000)]
  0x00000204c66bd000 JavaThread "localhost-startStop-1" daemon [_thread_blocked, id=22956, stack(0x000000b419300000,0x000000b419400000)]
  0x00000204cafa5000 JavaThread "Thread-2" daemon [_thread_in_native, id=8416, stack(0x000000b419400000,0x000000b419500000)]
  0x00000204c675a800 JavaThread "ContainerBackgroundProcessor[StandardEngine[Tomcat]]" daemon [_thread_blocked, id=24508, stack(0x000000b418e00000,0x000000b418f00000)]
  0x00000204cafbb800 JavaThread "http-bio-8080-Acceptor-0" daemon [_thread_in_native, id=16776, stack(0x000000b419500000,0x000000b419600000)]
  0x00000204c7463800 JavaThread "http-bio-8080-AsyncTimeout" daemon [_thread_blocked, id=22292, stack(0x000000b419600000,0x000000b419700000)]
  0x00000204c4d26000 JavaThread "http-bio-8080-exec-1" daemon [_thread_in_Java, id=18636, stack(0x000000b418d00000,0x000000b418e00000)]
  0x00000204cb9fa800 JavaThread "http-bio-8080-exec-2" daemon [_thread_in_native, id=11080, stack(0x000000b419700000,0x000000b419800000)]
  0x00000204ca44b800 JavaThread "C2 CompilerThread1" daemon [_thread_in_native, id=10488, stack(0x000000b419800000,0x000000b419900000)]

Other Threads:
  0x00000204c281d800 VMThread "VM Thread" [stack: 0x000000b418200000,0x000000b418300000] [id=25428]
  0x00000204c3310800 WatcherThread [stack: 0x000000b418b00000,0x000000b418c00000] [id=14256]
  0x00000204a3913800 GCTaskThread "GC Thread#0" [stack: 0x000000b417d00000,0x000000b417e00000] [id=19160]
  0x00000204c4672800 GCTaskThread "GC Thread#1" [stack: 0x000000b418f00000,0x000000b419000000] [id=16788]
  0x00000204c4673800 GCTaskThread "GC Thread#2" [stack: 0x000000b419000000,0x000000b419100000] [id=17516]
  0x00000204a3947000 ConcurrentGCThread "G1 Main Marker" [stack: 0x000000b417e00000,0x000000b417f00000] [id=22152]
  0x00000204a394a000 ConcurrentGCThread "G1 Conc#0" [stack: 0x000000b417f00000,0x000000b418000000] [id=10796]
  0x00000204c479a000 ConcurrentGCThread "G1 Conc#1" [stack: 0x000000b419100000,0x000000b419200000] [id=12244]
  0x00000204a39ce000 ConcurrentGCThread "G1 Refine#0" [stack: 0x000000b418000000,0x000000b418100000] [id=20592]
  0x00000204c2682800 ConcurrentGCThread "G1 Young RemSet Sampling" [stack: 0x000000b418100000,0x000000b418200000] [id=720]

Threads with active compile tasks:
C2 CompilerThread0  11435 4862       4       org.codehaus.plexus.classworlds.realm.Entry::matches (282 bytes)
C1 CompilerThread0  11435 4928       3       java.util.Properties$LineReader::readLine (635 bytes)
C2 CompilerThread1  11435 4927       4       sun.net.www.ParseUtil::encodePath (41 bytes)

VM state:not at safepoint (normal execution)

VM Mutex/Monitor currently owned by a thread: None

Heap address: 0x0000000082400000, size: 2012 MB, Compressed Oops mode: 32-bit
Narrow klass base: 0x0000000000000000, Narrow klass shift: 3
Compressed class space size: 1073741824 Address: 0x0000000100000000

Heap:
 garbage-first heap   total 157696K, used 41570K [0x0000000082400000, 0x0000000100000000)
  region size 1024K, 25 young (25600K), 5 survivors (5120K)
 Metaspace       used 34008K, capacity 34671K, committed 34864K, reserved 1081344K
  class space    used 3640K, capacity 3908K, committed 3968K, reserved 1048576K
Heap Regions: E=young(eden), S=young(survivor), O=old, HS=humongous(starts), HC=humongous(continues), CS=collection set, F=free, A=archive, TAMS=top-at-mark-start (previous, next)
|   0|0x0000000082400000, 0x0000000082500000, 0x0000000082500000|100%| O|  |TAMS 0x0000000082500000, 0x0000000082400000| Untracked 
|   1|0x0000000082500000, 0x0000000082600000, 0x0000000082600000|100%| O|  |TAMS 0x0000000082600000, 0x0000000082500000| Untracked 
|   2|0x0000000082600000, 0x0000000082700000, 0x0000000082700000|100%| O|  |TAMS 0x0000000082700000, 0x0000000082600000| Untracked 
|   3|0x0000000082700000, 0x0000000082800000, 0x0000000082800000|100%| O|  |TAMS 0x0000000082800000, 0x0000000082700000| Untracked 
|   4|0x0000000082800000, 0x0000000082900000, 0x0000000082900000|100%| O|  |TAMS 0x0000000082900000, 0x0000000082800000| Untracked 
|   5|0x0000000082900000, 0x0000000082a00000, 0x0000000082a00000|100%| O|  |TAMS 0x0000000082a00000, 0x0000000082900000| Untracked 
|   6|0x0000000082a00000, 0x0000000082b00000, 0x0000000082b00000|100%| O|  |TAMS 0x0000000082b00000, 0x0000000082a00000| Untracked 
|   7|0x0000000082b00000, 0x0000000082c00000, 0x0000000082c00000|100%| O|  |TAMS 0x0000000082c00000, 0x0000000082b00000| Untracked 
|   8|0x0000000082c00000, 0x0000000082d00000, 0x0000000082d00000|100%| O|  |TAMS 0x0000000082c90c00, 0x0000000082c00000| Untracked 
|   9|0x0000000082d00000, 0x0000000082e00000, 0x0000000082e00000|100%| O|  |TAMS 0x0000000082d00000, 0x0000000082d00000| Untracked 
|  10|0x0000000082e00000, 0x0000000082f00000, 0x0000000082f00000|100%| O|  |TAMS 0x0000000082e00000, 0x0000000082e00000| Untracked 
|  11|0x0000000082f00000, 0x0000000083000000, 0x0000000083000000|100%| O|  |TAMS 0x0000000082f00000, 0x0000000082f00000| Untracked 
|  12|0x0000000083000000, 0x0000000083100000, 0x0000000083100000|100%| O|  |TAMS 0x0000000083000000, 0x0000000083000000| Untracked 
|  13|0x0000000083100000, 0x0000000083200000, 0x0000000083200000|100%| O|  |TAMS 0x0000000083100000, 0x0000000083100000| Untracked 
|  14|0x0000000083200000, 0x0000000083300000, 0x0000000083300000|100%| O|  |TAMS 0x0000000083200000, 0x0000000083200000| Untracked 
|  15|0x0000000083300000, 0x0000000083400000, 0x0000000083400000|100%| O|  |TAMS 0x0000000083300000, 0x0000000083300000| Untracked 
|  16|0x0000000083400000, 0x0000000083500000, 0x0000000083500000|100%| O|  |TAMS 0x0000000083400000, 0x0000000083400000| Untracked 
|  17|0x0000000083500000, 0x0000000083542e00, 0x0000000083600000| 26%| O|  |TAMS 0x0000000083500000, 0x0000000083500000| Untracked 
|  18|0x0000000083600000, 0x0000000083600000, 0x0000000083700000|  0%| F|  |TAMS 0x0000000083600000, 0x0000000083600000| Untracked 
|  19|0x0000000083700000, 0x0000000083700000, 0x0000000083800000|  0%| F|  |TAMS 0x0000000083700000, 0x0000000083700000| Untracked 
|  20|0x0000000083800000, 0x0000000083800000, 0x0000000083900000|  0%| F|  |TAMS 0x0000000083800000, 0x0000000083800000| Untracked 
|  21|0x0000000083900000, 0x0000000083900000, 0x0000000083a00000|  0%| F|  |TAMS 0x0000000083900000, 0x0000000083900000| Untracked 
|  22|0x0000000083a00000, 0x0000000083a00000, 0x0000000083b00000|  0%| F|  |TAMS 0x0000000083a00000, 0x0000000083a00000| Untracked 
|  23|0x0000000083b00000, 0x0000000083b00000, 0x0000000083c00000|  0%| F|  |TAMS 0x0000000083b00000, 0x0000000083b00000| Untracked 
|  24|0x0000000083c00000, 0x0000000083c00000, 0x0000000083d00000|  0%| F|  |TAMS 0x0000000083c00000, 0x0000000083c00000| Untracked 
|  25|0x0000000083d00000, 0x0000000083d00000, 0x0000000083e00000|  0%| F|  |TAMS 0x0000000083d00000, 0x0000000083d00000| Untracked 
|  26|0x0000000083e00000, 0x0000000083e00000, 0x0000000083f00000|  0%| F|  |TAMS 0x0000000083e00000, 0x0000000083e00000| Untracked 
|  27|0x0000000083f00000, 0x0000000083f00000, 0x0000000084000000|  0%| F|  |TAMS 0x0000000083f00000, 0x0000000083f00000| Untracked 
|  28|0x0000000084000000, 0x0000000084000000, 0x0000000084100000|  0%| F|  |TAMS 0x0000000084000000, 0x0000000084000000| Untracked 
|  29|0x0000000084100000, 0x0000000084100000, 0x0000000084200000|  0%| F|  |TAMS 0x0000000084100000, 0x0000000084100000| Untracked 
|  30|0x0000000084200000, 0x0000000084200000, 0x0000000084300000|  0%| F|  |TAMS 0x0000000084200000, 0x0000000084200000| Untracked 
|  31|0x0000000084300000, 0x0000000084300000, 0x0000000084400000|  0%| F|  |TAMS 0x0000000084300000, 0x0000000084300000| Untracked 
|  32|0x0000000084400000, 0x0000000084400000, 0x0000000084500000|  0%| F|  |TAMS 0x0000000084400000, 0x0000000084400000| Untracked 
|  33|0x0000000084500000, 0x0000000084500000, 0x0000000084600000|  0%| F|  |TAMS 0x0000000084500000, 0x0000000084500000| Untracked 
|  34|0x0000000084600000, 0x0000000084600000, 0x0000000084700000|  0%| F|  |TAMS 0x0000000084600000, 0x0000000084600000| Untracked 
|  35|0x0000000084700000, 0x0000000084700000, 0x0000000084800000|  0%| F|  |TAMS 0x0000000084700000, 0x0000000084700000| Untracked 
|  36|0x0000000084800000, 0x0000000084800000, 0x0000000084900000|  0%| F|  |TAMS 0x0000000084800000, 0x0000000084800000| Untracked 
|  37|0x0000000084900000, 0x0000000084900000, 0x0000000084a00000|  0%| F|  |TAMS 0x0000000084900000, 0x0000000084900000| Untracked 
|  38|0x0000000084a00000, 0x0000000084a00000, 0x0000000084b00000|  0%| F|  |TAMS 0x0000000084a00000, 0x0000000084a00000| Untracked 
|  39|0x0000000084b00000, 0x0000000084b00000, 0x0000000084c00000|  0%| F|  |TAMS 0x0000000084b00000, 0x0000000084b00000| Untracked 
|  40|0x0000000084c00000, 0x0000000084c00000, 0x0000000084d00000|  0%| F|  |TAMS 0x0000000084c00000, 0x0000000084c00000| Untracked 
|  41|0x0000000084d00000, 0x0000000084d00000, 0x0000000084e00000|  0%| F|  |TAMS 0x0000000084d00000, 0x0000000084d00000| Untracked 
|  42|0x0000000084e00000, 0x0000000084e00000, 0x0000000084f00000|  0%| F|  |TAMS 0x0000000084e00000, 0x0000000084e00000| Untracked 
|  43|0x0000000084f00000, 0x0000000084f00000, 0x0000000085000000|  0%| F|  |TAMS 0x0000000084f00000, 0x0000000084f00000| Untracked 
|  44|0x0000000085000000, 0x0000000085000000, 0x0000000085100000|  0%| F|  |TAMS 0x0000000085000000, 0x0000000085000000| Untracked 
|  45|0x0000000085100000, 0x0000000085100000, 0x0000000085200000|  0%| F|  |TAMS 0x0000000085100000, 0x0000000085100000| Untracked 
|  46|0x0000000085200000, 0x0000000085200000, 0x0000000085300000|  0%| F|  |TAMS 0x0000000085200000, 0x0000000085200000| Untracked 
|  47|0x0000000085300000, 0x0000000085300000, 0x0000000085400000|  0%| F|  |TAMS 0x0000000085300000, 0x0000000085300000| Untracked 
|  48|0x0000000085400000, 0x0000000085400000, 0x0000000085500000|  0%| F|  |TAMS 0x0000000085400000, 0x0000000085400000| Untracked 
|  49|0x0000000085500000, 0x0000000085500000, 0x0000000085600000|  0%| F|  |TAMS 0x0000000085500000, 0x0000000085500000| Untracked 
|  50|0x0000000085600000, 0x0000000085600000, 0x0000000085700000|  0%| F|  |TAMS 0x0000000085600000, 0x0000000085600000| Untracked 
|  51|0x0000000085700000, 0x0000000085700000, 0x0000000085800000|  0%| F|  |TAMS 0x0000000085700000, 0x0000000085700000| Untracked 
|  52|0x0000000085800000, 0x0000000085800000, 0x0000000085900000|  0%| F|  |TAMS 0x0000000085800000, 0x0000000085800000| Untracked 
|  53|0x0000000085900000, 0x0000000085900000, 0x0000000085a00000|  0%| F|  |TAMS 0x0000000085900000, 0x0000000085900000| Untracked 
|  54|0x0000000085a00000, 0x0000000085a00000, 0x0000000085b00000|  0%| F|  |TAMS 0x0000000085a00000, 0x0000000085a00000| Untracked 
|  55|0x0000000085b00000, 0x0000000085b00000, 0x0000000085c00000|  0%| F|  |TAMS 0x0000000085b00000, 0x0000000085b00000| Untracked 
|  56|0x0000000085c00000, 0x0000000085c00000, 0x0000000085d00000|  0%| F|  |TAMS 0x0000000085c00000, 0x0000000085c00000| Untracked 
|  57|0x0000000085d00000, 0x0000000085d00000, 0x0000000085e00000|  0%| F|  |TAMS 0x0000000085d00000, 0x0000000085d00000| Untracked 
|  58|0x0000000085e00000, 0x0000000085e00000, 0x0000000085f00000|  0%| F|  |TAMS 0x0000000085e00000, 0x0000000085e00000| Untracked 
|  59|0x0000000085f00000, 0x0000000085f00000, 0x0000000086000000|  0%| F|  |TAMS 0x0000000085f00000, 0x0000000085f00000| Untracked 
|  60|0x0000000086000000, 0x0000000086000000, 0x0000000086100000|  0%| F|  |TAMS 0x0000000086000000, 0x0000000086000000| Untracked 
|  61|0x0000000086100000, 0x0000000086100000, 0x0000000086200000|  0%| F|  |TAMS 0x0000000086100000, 0x0000000086100000| Untracked 
|  62|0x0000000086200000, 0x0000000086200000, 0x0000000086300000|  0%| F|  |TAMS 0x0000000086200000, 0x0000000086200000| Untracked 
|  63|0x0000000086300000, 0x0000000086300000, 0x0000000086400000|  0%| F|  |TAMS 0x0000000086300000, 0x0000000086300000| Untracked 
|  64|0x0000000086400000, 0x0000000086400000, 0x0000000086500000|  0%| F|  |TAMS 0x0000000086400000, 0x0000000086400000| Untracked 
|  65|0x0000000086500000, 0x0000000086500000, 0x0000000086600000|  0%| F|  |TAMS 0x0000000086500000, 0x0000000086500000| Untracked 
|  66|0x0000000086600000, 0x0000000086600000, 0x0000000086700000|  0%| F|  |TAMS 0x0000000086600000, 0x0000000086600000| Untracked 
|  67|0x0000000086700000, 0x0000000086700000, 0x0000000086800000|  0%| F|  |TAMS 0x0000000086700000, 0x0000000086700000| Untracked 
|  68|0x0000000086800000, 0x0000000086800000, 0x0000000086900000|  0%| F|  |TAMS 0x0000000086800000, 0x0000000086800000| Untracked 
|  69|0x0000000086900000, 0x0000000086955c40, 0x0000000086a00000| 33%| S|CS|TAMS 0x0000000086900000, 0x0000000086900000| Complete 
|  70|0x0000000086a00000, 0x0000000086b00000, 0x0000000086b00000|100%| S|CS|TAMS 0x0000000086a00000, 0x0000000086a00000| Complete 
|  71|0x0000000086b00000, 0x0000000086c00000, 0x0000000086c00000|100%| S|CS|TAMS 0x0000000086b00000, 0x0000000086b00000| Complete 
|  72|0x0000000086c00000, 0x0000000086d00000, 0x0000000086d00000|100%| S|CS|TAMS 0x0000000086c00000, 0x0000000086c00000| Complete 
|  73|0x0000000086d00000, 0x0000000086e00000, 0x0000000086e00000|100%| S|CS|TAMS 0x0000000086d00000, 0x0000000086d00000| Complete 
|  74|0x0000000086e00000, 0x0000000086e00000, 0x0000000086f00000|  0%| F|  |TAMS 0x0000000086e00000, 0x0000000086e00000| Untracked 
|  75|0x0000000086f00000, 0x0000000086f00000, 0x0000000087000000|  0%| F|  |TAMS 0x0000000086f00000, 0x0000000086f00000| Untracked 
|  76|0x0000000087000000, 0x0000000087000000, 0x0000000087100000|  0%| F|  |TAMS 0x0000000087000000, 0x0000000087000000| Untracked 
|  77|0x0000000087100000, 0x0000000087100000, 0x0000000087200000|  0%| F|  |TAMS 0x0000000087100000, 0x0000000087100000| Untracked 
|  78|0x0000000087200000, 0x0000000087200000, 0x0000000087300000|  0%| F|  |TAMS 0x0000000087200000, 0x0000000087200000| Untracked 
|  79|0x0000000087300000, 0x0000000087300000, 0x0000000087400000|  0%| F|  |TAMS 0x0000000087300000, 0x0000000087300000| Untracked 
|  80|0x0000000087400000, 0x0000000087400000, 0x0000000087500000|  0%| F|  |TAMS 0x0000000087400000, 0x0000000087400000| Untracked 
|  81|0x0000000087500000, 0x0000000087500000, 0x0000000087600000|  0%| F|  |TAMS 0x0000000087500000, 0x0000000087500000| Untracked 
|  82|0x0000000087600000, 0x0000000087600000, 0x0000000087700000|  0%| F|  |TAMS 0x0000000087600000, 0x0000000087600000| Untracked 
|  83|0x0000000087700000, 0x0000000087700000, 0x0000000087800000|  0%| F|  |TAMS 0x0000000087700000, 0x0000000087700000| Untracked 
|  84|0x0000000087800000, 0x0000000087800000, 0x0000000087900000|  0%| F|  |TAMS 0x0000000087800000, 0x0000000087800000| Untracked 
|  85|0x0000000087900000, 0x0000000087900000, 0x0000000087a00000|  0%| F|  |TAMS 0x0000000087900000, 0x0000000087900000| Untracked 
|  86|0x0000000087a00000, 0x0000000087a00000, 0x0000000087b00000|  0%| F|  |TAMS 0x0000000087a00000, 0x0000000087a00000| Untracked 
|  87|0x0000000087b00000, 0x0000000087b00000, 0x0000000087c00000|  0%| F|  |TAMS 0x0000000087b00000, 0x0000000087b00000| Untracked 
|  88|0x0000000087c00000, 0x0000000087c00000, 0x0000000087d00000|  0%| F|  |TAMS 0x0000000087c00000, 0x0000000087c00000| Untracked 
|  89|0x0000000087d00000, 0x0000000087d00000, 0x0000000087e00000|  0%| F|  |TAMS 0x0000000087d00000, 0x0000000087d00000| Untracked 
|  90|0x0000000087e00000, 0x0000000087e00000, 0x0000000087f00000|  0%| F|  |TAMS 0x0000000087e00000, 0x0000000087e00000| Untracked 
|  91|0x0000000087f00000, 0x0000000087f00000, 0x0000000088000000|  0%| F|  |TAMS 0x0000000087f00000, 0x0000000087f00000| Untracked 
|  92|0x0000000088000000, 0x0000000088000000, 0x0000000088100000|  0%| F|  |TAMS 0x0000000088000000, 0x0000000088000000| Untracked 
|  93|0x0000000088100000, 0x0000000088100000, 0x0000000088200000|  0%| F|  |TAMS 0x0000000088100000, 0x0000000088100000| Untracked 
|  94|0x0000000088200000, 0x0000000088200000, 0x0000000088300000|  0%| F|  |TAMS 0x0000000088200000, 0x0000000088200000| Untracked 
|  95|0x0000000088300000, 0x0000000088300000, 0x0000000088400000|  0%| F|  |TAMS 0x0000000088300000, 0x0000000088300000| Untracked 
|  96|0x0000000088400000, 0x0000000088400000, 0x0000000088500000|  0%| F|  |TAMS 0x0000000088400000, 0x0000000088400000| Untracked 
|  97|0x0000000088500000, 0x0000000088500000, 0x0000000088600000|  0%| F|  |TAMS 0x0000000088500000, 0x0000000088500000| Untracked 
|  98|0x0000000088600000, 0x0000000088600000, 0x0000000088700000|  0%| F|  |TAMS 0x0000000088600000, 0x0000000088600000| Untracked 
|  99|0x0000000088700000, 0x0000000088700000, 0x0000000088800000|  0%| F|  |TAMS 0x0000000088700000, 0x0000000088700000| Untracked 
| 100|0x0000000088800000, 0x0000000088800000, 0x0000000088900000|  0%| F|  |TAMS 0x0000000088800000, 0x0000000088800000| Untracked 
| 101|0x0000000088900000, 0x0000000088900000, 0x0000000088a00000|  0%| F|  |TAMS 0x0000000088900000, 0x0000000088900000| Untracked 
| 102|0x0000000088a00000, 0x0000000088a00000, 0x0000000088b00000|  0%| F|  |TAMS 0x0000000088a00000, 0x0000000088a00000| Untracked 
| 103|0x0000000088b00000, 0x0000000088b00000, 0x0000000088c00000|  0%| F|  |TAMS 0x0000000088b00000, 0x0000000088b00000| Untracked 
| 104|0x0000000088c00000, 0x0000000088c00000, 0x0000000088d00000|  0%| F|  |TAMS 0x0000000088c00000, 0x0000000088c00000| Untracked 
| 105|0x0000000088d00000, 0x0000000088d00000, 0x0000000088e00000|  0%| F|  |TAMS 0x0000000088d00000, 0x0000000088d00000| Untracked 
| 106|0x0000000088e00000, 0x0000000088e00000, 0x0000000088f00000|  0%| F|  |TAMS 0x0000000088e00000, 0x0000000088e00000| Untracked 
| 107|0x0000000088f00000, 0x0000000088f00000, 0x0000000089000000|  0%| F|  |TAMS 0x0000000088f00000, 0x0000000088f00000| Untracked 
| 108|0x0000000089000000, 0x0000000089000000, 0x0000000089100000|  0%| F|  |TAMS 0x0000000089000000, 0x0000000089000000| Untracked 
| 109|0x0000000089100000, 0x0000000089100000, 0x0000000089200000|  0%| F|  |TAMS 0x0000000089100000, 0x0000000089100000| Untracked 
| 110|0x0000000089200000, 0x0000000089200000, 0x0000000089300000|  0%| F|  |TAMS 0x0000000089200000, 0x0000000089200000| Untracked 
| 111|0x0000000089300000, 0x0000000089300000, 0x0000000089400000|  0%| F|  |TAMS 0x0000000089300000, 0x0000000089300000| Untracked 
| 112|0x0000000089400000, 0x0000000089400000, 0x0000000089500000|  0%| F|  |TAMS 0x0000000089400000, 0x0000000089400000| Untracked 
| 113|0x0000000089500000, 0x0000000089500000, 0x0000000089600000|  0%| F|  |TAMS 0x0000000089500000, 0x0000000089500000| Untracked 
| 114|0x0000000089600000, 0x0000000089600000, 0x0000000089700000|  0%| F|  |TAMS 0x0000000089600000, 0x0000000089600000| Untracked 
| 115|0x0000000089700000, 0x0000000089700000, 0x0000000089800000|  0%| F|  |TAMS 0x0000000089700000, 0x0000000089700000| Untracked 
| 116|0x0000000089800000, 0x0000000089800000, 0x0000000089900000|  0%| F|  |TAMS 0x0000000089800000, 0x0000000089800000| Untracked 
| 117|0x0000000089900000, 0x0000000089900000, 0x0000000089a00000|  0%| F|  |TAMS 0x0000000089900000, 0x0000000089900000| Untracked 
| 118|0x0000000089a00000, 0x0000000089a00000, 0x0000000089b00000|  0%| F|  |TAMS 0x0000000089a00000, 0x0000000089a00000| Untracked 
| 119|0x0000000089b00000, 0x0000000089b00000, 0x0000000089c00000|  0%| F|  |TAMS 0x0000000089b00000, 0x0000000089b00000| Untracked 
| 120|0x0000000089c00000, 0x0000000089c00000, 0x0000000089d00000|  0%| F|  |TAMS 0x0000000089c00000, 0x0000000089c00000| Untracked 
| 121|0x0000000089d00000, 0x0000000089d00000, 0x0000000089e00000|  0%| F|  |TAMS 0x0000000089d00000, 0x0000000089d00000| Untracked 
| 122|0x0000000089e00000, 0x0000000089e00000, 0x0000000089f00000|  0%| F|  |TAMS 0x0000000089e00000, 0x0000000089e00000| Untracked 
| 123|0x0000000089f00000, 0x0000000089f00000, 0x000000008a000000|  0%| F|  |TAMS 0x0000000089f00000, 0x0000000089f00000| Untracked 
| 124|0x000000008a000000, 0x000000008a000000, 0x000000008a100000|  0%| F|  |TAMS 0x000000008a000000, 0x000000008a000000| Untracked 
| 125|0x000000008a100000, 0x000000008a100000, 0x000000008a200000|  0%| F|  |TAMS 0x000000008a100000, 0x000000008a100000| Untracked 
| 126|0x000000008a200000, 0x000000008a200000, 0x000000008a300000|  0%| F|  |TAMS 0x000000008a200000, 0x000000008a200000| Untracked 
| 127|0x000000008a300000, 0x000000008a300000, 0x000000008a400000|  0%| F|  |TAMS 0x000000008a300000, 0x000000008a300000| Untracked 
| 128|0x000000008a400000, 0x000000008a400000, 0x000000008a500000|  0%| F|  |TAMS 0x000000008a400000, 0x000000008a400000| Untracked 
| 129|0x000000008a500000, 0x000000008a500000, 0x000000008a600000|  0%| F|  |TAMS 0x000000008a500000, 0x000000008a500000| Untracked 
| 130|0x000000008a600000, 0x000000008a600000, 0x000000008a700000|  0%| F|  |TAMS 0x000000008a600000, 0x000000008a600000| Untracked 
| 131|0x000000008a700000, 0x000000008a700000, 0x000000008a800000|  0%| F|  |TAMS 0x000000008a700000, 0x000000008a700000| Untracked 
| 132|0x000000008a800000, 0x000000008a800000, 0x000000008a900000|  0%| F|  |TAMS 0x000000008a800000, 0x000000008a800000| Untracked 
| 133|0x000000008a900000, 0x000000008a900000, 0x000000008aa00000|  0%| F|  |TAMS 0x000000008a900000, 0x000000008a900000| Untracked 
| 134|0x000000008aa00000, 0x000000008ab00000, 0x000000008ab00000|100%| E|  |TAMS 0x000000008aa00000, 0x000000008aa00000| Complete 
| 135|0x000000008ab00000, 0x000000008ac00000, 0x000000008ac00000|100%| E|CS|TAMS 0x000000008ab00000, 0x000000008ab00000| Complete 
| 136|0x000000008ac00000, 0x000000008ad00000, 0x000000008ad00000|100%| E|CS|TAMS 0x000000008ac00000, 0x000000008ac00000| Complete 
| 137|0x000000008ad00000, 0x000000008ae00000, 0x000000008ae00000|100%| E|CS|TAMS 0x000000008ad00000, 0x000000008ad00000| Complete 
| 138|0x000000008ae00000, 0x000000008af00000, 0x000000008af00000|100%| E|CS|TAMS 0x000000008ae00000, 0x000000008ae00000| Complete 
| 139|0x000000008af00000, 0x000000008b000000, 0x000000008b000000|100%| E|CS|TAMS 0x000000008af00000, 0x000000008af00000| Complete 
| 140|0x000000008b000000, 0x000000008b100000, 0x000000008b100000|100%| E|CS|TAMS 0x000000008b000000, 0x000000008b000000| Complete 
| 141|0x000000008b100000, 0x000000008b200000, 0x000000008b200000|100%| E|CS|TAMS 0x000000008b100000, 0x000000008b100000| Complete 
| 142|0x000000008b200000, 0x000000008b300000, 0x000000008b300000|100%| E|CS|TAMS 0x000000008b200000, 0x000000008b200000| Complete 
| 143|0x000000008b300000, 0x000000008b400000, 0x000000008b400000|100%| E|CS|TAMS 0x000000008b300000, 0x000000008b300000| Complete 
| 144|0x000000008b400000, 0x000000008b500000, 0x000000008b500000|100%| E|CS|TAMS 0x000000008b400000, 0x000000008b400000| Complete 
| 145|0x000000008b500000, 0x000000008b600000, 0x000000008b600000|100%| E|CS|TAMS 0x000000008b500000, 0x000000008b500000| Complete 
| 146|0x000000008b600000, 0x000000008b700000, 0x000000008b700000|100%| E|CS|TAMS 0x000000008b600000, 0x000000008b600000| Complete 
| 147|0x000000008b700000, 0x000000008b800000, 0x000000008b800000|100%| E|CS|TAMS 0x000000008b700000, 0x000000008b700000| Complete 
| 148|0x000000008b800000, 0x000000008b900000, 0x000000008b900000|100%| E|CS|TAMS 0x000000008b800000, 0x000000008b800000| Complete 
| 149|0x000000008b900000, 0x000000008ba00000, 0x000000008ba00000|100%| E|CS|TAMS 0x000000008b900000, 0x000000008b900000| Complete 
| 150|0x000000008ba00000, 0x000000008bb00000, 0x000000008bb00000|100%| E|CS|TAMS 0x000000008ba00000, 0x000000008ba00000| Complete 
| 151|0x000000008bb00000, 0x000000008bc00000, 0x000000008bc00000|100%| E|CS|TAMS 0x000000008bb00000, 0x000000008bb00000| Complete 
| 152|0x000000008bc00000, 0x000000008bd00000, 0x000000008bd00000|100%| E|CS|TAMS 0x000000008bc00000, 0x000000008bc00000| Complete 
| 153|0x000000008bd00000, 0x000000008be00000, 0x000000008be00000|100%| E|CS|TAMS 0x000000008bd00000, 0x000000008bd00000| Complete 

Card table byte_map: [0x00000204bb720000,0x00000204bbb10000] _byte_map_base: 0x00000204bb30e000

Marking Bits (Prev, Next): (CMBitMap*) 0x00000204a393d230, (CMBitMap*) 0x00000204a393d1f8
 Prev Bits: [0x00000204bde70000, 0x00000204bfde0000)
 Next Bits: [0x00000204bbf00000, 0x00000204bde70000)

Polling page: 0x00000204a1860000

Metaspace:

Usage:
  Non-class:     30.04 MB capacity,    29.66 MB ( 99%) used,   336.35 KB (  1%) free+waste,    55.94 KB ( <1%) overhead. 
      Class:      3.82 MB capacity,     3.56 MB ( 93%) used,   242.84 KB (  6%) free+waste,    24.31 KB ( <1%) overhead. 
       Both:     33.86 MB capacity,    33.21 MB ( 98%) used,   579.20 KB (  2%) free+waste,    80.25 KB ( <1%) overhead. 

Virtual space:
  Non-class space:       32.00 MB reserved,      30.17 MB ( 94%) committed 
      Class space:        1.00 GB reserved,       3.88 MB ( <1%) committed 
             Both:        1.03 GB reserved,      34.05 MB (  3%) committed 

Chunk freelists:
   Non-Class:  5.00 KB
       Class:  28.00 KB
        Both:  33.00 KB

MaxMetaspaceSize: 17179869184.00 GB
CompressedClassSpaceSize: 1.00 GB

CodeHeap 'non-profiled nmethods': size=120000Kb used=3217Kb max_used=3217Kb free=116782Kb
 bounds [0x00000204b3ad0000, 0x00000204b3e00000, 0x00000204bb000000]
CodeHeap 'profiled nmethods': size=120000Kb used=11160Kb max_used=11160Kb free=108839Kb
 bounds [0x00000204ac5a0000, 0x00000204ad090000, 0x00000204b3ad0000]
CodeHeap 'non-nmethods': size=5760Kb used=1154Kb max_used=1211Kb free=4605Kb
 bounds [0x00000204ac000000, 0x00000204ac270000, 0x00000204ac5a0000]
 total_blobs=5401 nmethods=4909 adapters=403
 compilation: enabled
              stopped_count=0, restarted_count=0
 full_count=0

Compilation events (20 events):
Event: 11.354 Thread 0x00000204c285b000 4901       1       jdk.internal.loader.BuiltinClassLoader$LoadedModule::codeSourceURL (5 bytes)
Event: 11.354 Thread 0x00000204c285b000 nmethod 4901 0x00000204b3deee90 code [0x00000204b3def040, 0x00000204b3def0f8]
Event: 11.354 Thread 0x00000204c285b000 4902       1       java.nio.DirectByteBufferR::isDirect (2 bytes)
Event: 11.354 Thread 0x00000204c285b000 nmethod 4902 0x00000204b3def190 code [0x00000204b3def340, 0x00000204b3def3f8]
Event: 11.365 Thread 0x00000204c285b000 4907   !   3       sun.nio.cs.ext.AbstractCharsetProvider::charset (75 bytes)
Event: 11.367 Thread 0x00000204c285b000 nmethod 4907 0x00000204ad074510 code [0x00000204ad074760, 0x00000204ad075248]
Event: 11.367 Thread 0x00000204c285b000 4908       3       java.lang.invoke.Invokers$Holder::linkToTargetMethod (10 bytes)
Event: 11.367 Thread 0x00000204c285b000 nmethod 4908 0x00000204ad075710 code [0x00000204ad0758e0, 0x00000204ad075cf8]
Event: 11.367 Thread 0x00000204c285b000 4910       3       java.nio.charset.Charset::<init> (76 bytes)
Event: 11.368 Thread 0x00000204c285b000 nmethod 4910 0x00000204ad075e10 code [0x00000204ad076020, 0x00000204ad076678]
Event: 11.368 Thread 0x00000204c285b000 4909       3       java.util.Objects::requireNonNullElse (15 bytes)
Event: 11.368 Thread 0x00000204c285b000 nmethod 4909 0x00000204ad076890 code [0x00000204ad076a60, 0x00000204ad076ce8]
Event: 11.368 Thread 0x00000204c285b000 4911       3       java.lang.invoke.DelegatingMethodHandle$Holder::reinvoke_L (18 bytes)
Event: 11.368 Thread 0x00000204c285b000 nmethod 4911 0x00000204ad076e10 code [0x00000204ad076fe0, 0x00000204ad0774d8]
Event: 11.368 Thread 0x00000204c285b000 4912       3       java.lang.invoke.LambdaForm$MH/0x0000000100304040::invoke (240 bytes)
Event: 11.369 Thread 0x00000204c285b000 nmethod 4912 0x00000204ad077610 code [0x00000204ad077900, 0x00000204ad078ff8]
Event: 11.369 Thread 0x00000204c285b000 4913       3       java.util.Collections::unmodifiableSet (9 bytes)
Event: 11.369 Thread 0x00000204c285b000 nmethod 4913 0x00000204ad079690 code [0x00000204ad079880, 0x00000204ad079c28]
Event: 11.376 Thread 0x00000204ca44b800 nmethod 4892% 0x00000204b3def490 code [0x00000204b3def680, 0x00000204b3defeb8]
Event: 11.376 Thread 0x00000204ca44b800 4904       4       java.lang.StringUTF16::getChars (42 bytes)

GC Heap History (14 events):
Event: 0.514 GC heap before
{Heap before GC invocations=0 (full 0):
 garbage-first heap   total 129024K, used 23551K [0x0000000082400000, 0x0000000100000000)
  region size 1024K, 24 young (24576K), 0 survivors (0K)
 Metaspace       used 12563K, capacity 12725K, committed 12928K, reserved 1060864K
  class space    used 1271K, capacity 1348K, committed 1408K, reserved 1048576K
}
Event: 0.520 GC heap after
{Heap after GC invocations=1 (full 0):
 garbage-first heap   total 129024K, used 3467K [0x0000000082400000, 0x0000000100000000)
  region size 1024K, 3 young (3072K), 3 survivors (3072K)
 Metaspace       used 12563K, capacity 12725K, committed 12928K, reserved 1060864K
  class space    used 1271K, capacity 1348K, committed 1408K, reserved 1048576K
}
Event: 1.475 GC heap before
{Heap before GC invocations=1 (full 0):
 garbage-first heap   total 129024K, used 77195K [0x0000000082400000, 0x0000000100000000)
  region size 1024K, 75 young (76800K), 3 survivors (3072K)
 Metaspace       used 20501K, capacity 20778K, committed 21120K, reserved 1069056K
  class space    used 2192K, capacity 2311K, committed 2432K, reserved 1048576K
}
Event: 1.489 GC heap after
{Heap after GC invocations=2 (full 0):
 garbage-first heap   total 129024K, used 9145K [0x0000000082400000, 0x0000000100000000)
  region size 1024K, 9 young (9216K), 9 survivors (9216K)
 Metaspace       used 20501K, capacity 20778K, committed 21120K, reserved 1069056K
  class space    used 2192K, capacity 2311K, committed 2432K, reserved 1048576K
}
Event: 1.664 GC heap before
{Heap before GC invocations=2 (full 0):
 garbage-first heap   total 129024K, used 26553K [0x0000000082400000, 0x0000000100000000)
  region size 1024K, 27 young (27648K), 9 survivors (9216K)
 Metaspace       used 20843K, capacity 21130K, committed 21296K, reserved 1069056K
  class space    used 2210K, capacity 2343K, committed 2432K, reserved 1048576K
}
Event: 1.680 GC heap after
{Heap after GC invocations=3 (full 0):
 garbage-first heap   total 129024K, used 10674K [0x0000000082400000, 0x0000000100000000)
  region size 1024K, 2 young (2048K), 2 survivors (2048K)
 Metaspace       used 20843K, capacity 21130K, committed 21296K, reserved 1069056K
  class space    used 2210K, capacity 2343K, committed 2432K, reserved 1048576K
}
Event: 2.731 GC heap before
{Heap before GC invocations=4 (full 0):
 garbage-first heap   total 129024K, used 82354K [0x0000000082400000, 0x0000000100000000)
  region size 1024K, 73 young (74752K), 2 survivors (2048K)
 Metaspace       used 25415K, capacity 25855K, committed 26160K, reserved 1073152K
  class space    used 2684K, capacity 2836K, committed 2944K, reserved 1048576K
}
Event: 2.736 GC heap after
{Heap after GC invocations=5 (full 0):
 garbage-first heap   total 129024K, used 14215K [0x0000000082400000, 0x0000000100000000)
  region size 1024K, 6 young (6144K), 6 survivors (6144K)
 Metaspace       used 25415K, capacity 25855K, committed 26160K, reserved 1073152K
  class space    used 2684K, capacity 2836K, committed 2944K, reserved 1048576K
}
Event: 3.485 GC heap before
{Heap before GC invocations=5 (full 0):
 garbage-first heap   total 129024K, used 84871K [0x0000000082400000, 0x0000000100000000)
  region size 1024K, 75 young (76800K), 6 survivors (6144K)
 Metaspace       used 31163K, capacity 31791K, committed 31920K, reserved 1077248K
  class space    used 3307K, capacity 3544K, committed 3584K, reserved 1048576K
}
Event: 3.497 GC heap after
{Heap after GC invocations=6 (full 0):
 garbage-first heap   total 129024K, used 20454K [0x0000000082400000, 0x0000000100000000)
  region size 1024K, 10 young (10240K), 10 survivors (10240K)
 Metaspace       used 31163K, capacity 31791K, committed 31920K, reserved 1077248K
  class space    used 3307K, capacity 3544K, committed 3584K, reserved 1048576K
}
Event: 3.783 GC heap before
{Heap before GC invocations=6 (full 0):
 garbage-first heap   total 129024K, used 87014K [0x0000000082400000, 0x0000000100000000)
  region size 1024K, 75 young (76800K), 10 survivors (10240K)
 Metaspace       used 31204K, capacity 31855K, committed 31920K, reserved 1077248K
  class space    used 3310K, capacity 3544K, committed 3584K, reserved 1048576K
}
Event: 3.794 GC heap after
{Heap after GC invocations=7 (full 0):
 garbage-first heap   total 157696K, used 22283K [0x0000000082400000, 0x0000000100000000)
  region size 1024K, 5 young (5120K), 5 survivors (5120K)
 Metaspace       used 31204K, capacity 31855K, committed 31920K, reserved 1077248K
  class space    used 3310K, capacity 3544K, committed 3584K, reserved 1048576K
}
Event: 4.056 GC heap before
{Heap before GC invocations=7 (full 0):
 garbage-first heap   total 157696K, used 104203K [0x0000000082400000, 0x0000000100000000)
  region size 1024K, 85 young (87040K), 5 survivors (5120K)
 Metaspace       used 31219K, capacity 31855K, committed 31920K, reserved 1077248K
  class space    used 3310K, capacity 3544K, committed 3584K, reserved 1048576K
}
Event: 4.061 GC heap after
{Heap after GC invocations=8 (full 0):
 garbage-first heap   total 157696K, used 22114K [0x0000000082400000, 0x0000000100000000)
  region size 1024K, 5 young (5120K), 5 survivors (5120K)
 Metaspace       used 31219K, capacity 31855K, committed 31920K, reserved 1077248K
  class space    used 3310K, capacity 3544K, committed 3584K, reserved 1048576K
}

Deoptimization events (20 events):
Event: 11.253 Thread 0x00000204c4d26000 DEOPT PACKING pc=0x00000204b3ce396c sp=0x000000b418dfba90
Event: 11.253 Thread 0x00000204c4d26000 DEOPT UNPACKING pc=0x00000204ac02662f sp=0x000000b418dfb918 mode 2
Event: 11.253 Thread 0x00000204c4d26000 Uncommon trap: trap_request=0xffffff4d fr.pc=0x00000204b3ce2dac relative=0x000000000000046c
Event: 11.253 Thread 0x00000204c4d26000 Uncommon trap: reason=unstable_if action=reinterpret pc=0x00000204b3ce2dac method=java.lang.StringLatin1.compareToCI([B[B)I @ 68 c2
Event: 11.253 Thread 0x00000204c4d26000 DEOPT PACKING pc=0x00000204b3ce2dac sp=0x000000b418dfba00
Event: 11.253 Thread 0x00000204c4d26000 DEOPT UNPACKING pc=0x00000204ac02662f sp=0x000000b418dfb910 mode 2
Event: 11.253 Thread 0x00000204c4d26000 Uncommon trap: trap_request=0xffffff4d fr.pc=0x00000204b3cdf224 relative=0x00000000000003e4
Event: 11.253 Thread 0x00000204c4d26000 Uncommon trap: reason=unstable_if action=reinterpret pc=0x00000204b3cdf224 method=java.lang.StringLatin1.compareToCI([B[B)I @ 68 c2
Event: 11.253 Thread 0x00000204c4d26000 DEOPT PACKING pc=0x00000204b3cdf224 sp=0x000000b418dfb980
Event: 11.253 Thread 0x00000204c4d26000 DEOPT UNPACKING pc=0x00000204ac02662f sp=0x000000b418dfb908 mode 2
Event: 11.357 Thread 0x00000204c4d26000 DEOPT PACKING pc=0x00000204ad060a13 sp=0x000000b418dfafe0
Event: 11.357 Thread 0x00000204c4d26000 DEOPT UNPACKING pc=0x00000204ac026dde sp=0x000000b418dfa4b8 mode 0
Event: 11.361 Thread 0x00000204c4d26000 DEOPT PACKING pc=0x00000204ad060a13 sp=0x000000b418dfaf00
Event: 11.361 Thread 0x00000204c4d26000 DEOPT UNPACKING pc=0x00000204ac026dde sp=0x000000b418dfa3d8 mode 0
Event: 11.362 Thread 0x00000204c4d26000 DEOPT PACKING pc=0x00000204ad060a13 sp=0x000000b418dfaf00
Event: 11.362 Thread 0x00000204c4d26000 DEOPT UNPACKING pc=0x00000204ac026dde sp=0x000000b418dfa3d8 mode 0
Event: 11.362 Thread 0x00000204c4d26000 DEOPT PACKING pc=0x00000204ad060a13 sp=0x000000b418dfae20
Event: 11.362 Thread 0x00000204c4d26000 DEOPT UNPACKING pc=0x00000204ac026dde sp=0x000000b418dfa2f8 mode 0
Event: 11.362 Thread 0x00000204c4d26000 DEOPT PACKING pc=0x00000204ad060a13 sp=0x000000b418dfae20
Event: 11.362 Thread 0x00000204c4d26000 DEOPT UNPACKING pc=0x00000204ac026dde sp=0x000000b418dfa2f8 mode 0

Classes redefined (0 events):
No events

Internal exceptions (20 events):
Event: 1.440 Thread 0x00000204a38fd000 Implicit null exception at 0x00000204b3b58e3b to 0x00000204b3b594fa
Event: 2.357 Thread 0x00000204a38fd000 Exception <a 'java/io/FileNotFoundException'{0x0000000085f5f600}> (0x0000000085f5f600) thrown at [./src/hotspot/share/prims/jni.cpp, line 615]
Event: 2.659 Thread 0x00000204a38fd000 Exception <a 'java/lang/NoSuchMethodError'{0x0000000085e69260}: 'java.lang.Object java.lang.invoke.DirectMethodHandle$Holder.invokeStaticInit(java.lang.Object, java.lang.Object, int, int, int, int)'> (0x0000000085e69260) thrown at [./src/hotspot/share/interpreter/linkResolver.cpp, line 773]
Event: 2.757 Thread 0x00000204a38fd000 Exception <a 'java/lang/NoSuchMethodError'{0x000000008a1b6dd8}: 'java.lang.Object java.lang.invoke.DirectMethodHandle$Holder.invokeStaticInit(java.lang.Object, java.lang.Object, java.lang.Object)'> (0x000000008a1b6dd8) thrown at [./src/hotspot/share/interpreter/linkResolver.cpp, line 773]
Event: 2.759 Thread 0x00000204a38fd000 Exception <a 'java/lang/NoSuchMethodError'{0x000000008a1d0960}: 'int java.lang.invoke.DirectMethodHandle$Holder.invokeInterface(java.lang.Object, java.lang.Object)'> (0x000000008a1d0960) thrown at [./src/hotspot/share/interpreter/linkResolver.cpp, line 773]
Event: 2.760 Thread 0x00000204a38fd000 Exception <a 'java/lang/IncompatibleClassChangeError'{0x000000008a1d3980}: Found class java.lang.Object, but interface was expected> (0x000000008a1d3980) thrown at [./src/hotspot/share/interpreter/linkResolver.cpp, line 839]
Event: 2.783 Thread 0x00000204a38fd000 Exception <a 'java/lang/NoSuchMethodError'{0x000000008a09b790}: 'java.lang.Object java.lang.invoke.DirectMethodHandle$Holder.invokeStatic(java.lang.Object, java.lang.Object, java.lang.Object, java.lang.Object, java.lang.Object, java.lang.Object, java.lang.Object, java.lang.Object, java.lang.Object, java.lang.Object, java.lang.Object, int)'> (0x000000008a09b790) thrown at [./src/hotspot/share/interpreter/linkResolver.cpp, line 773]
Event: 2.784 Thread 0x00000204a38fd000 Exception <a 'java/lang/NoSuchMethodError'{0x000000008a0b9d30}: 'java.lang.Object java.lang.invoke.DirectMethodHandle$Holder.invokeStatic(java.lang.Object, java.lang.Object, java.lang.Object, java.lang.Object, java.lang.Object, java.lang.Object, java.lang.Object, java.lang.Object, java.lang.Object, java.lang.Object, java.lang.Object, int, int)'> (0x000000008a0b9d30) thrown at [./src/hotspot/share/interpreter/linkResolver.cpp, line 773]
Event: 2.786 Thread 0x00000204a38fd000 Exception <a 'java/lang/NoSuchMethodError'{0x000000008a0d9340}: 'java.lang.Object java.lang.invoke.DirectMethodHandle$Holder.invokeStatic(java.lang.Object, java.lang.Object, java.lang.Object, java.lang.Object, java.lang.Object, java.lang.Object, java.lang.Object, java.lang.Object, java.lang.Object, java.lang.Object, java.lang.Object, int, int, java.lang.Object)'> (0x000000008a0d9340) thrown at [./src/hotspot/share/interpreter/linkResolver.cpp, line 773]
Event: 2.788 Thread 0x00000204a38fd000 Exception <a 'java/lang/NoSuchMethodError'{0x000000008a0fa080}: 'java.lang.Object java.lang.invoke.DirectMethodHandle$Holder.invokeStatic(java.lang.Object, java.lang.Object, java.lang.Object, java.lang.Object, java.lang.Object, java.lang.Object, java.lang.Object, java.lang.Object, java.lang.Object, java.lang.Object, java.lang.Object, int, int, java.lang.Object, java.lang.Object)'> (0x000000008a0fa080) thrown at [./src/hotspot/share/interpreter/linkResolver.cpp, line 773]
Event: 2.833 Thread 0x00000204a38fd000 Exception <a 'java/lang/NoSuchMethodError'{0x0000000089d6a410}: 'java.lang.Object java.lang.invoke.DirectMethodHandle$Holder.invokeStatic(java.lang.Object, java.lang.Object, java.lang.Object, java.lang.Object, java.lang.Object, java.lang.Object, java.lang.Object, java.lang.Object, java.lang.Object, java.lang.Object, java.lang.Object, java.lang.Object, java.lang.Object, java.lang.Object, java.lang.Object)'> (0x0000000089d6a410) thrown at [./src/hotspot/share/interpreter/linkResolver.cpp, line 773]
Event: 2.834 Thread 0x00000204a38fd000 Exception <a 'java/lang/NoSuchMethodError'{0x0000000089d78268}: 'java.lang.Object java.lang.invoke.DirectMethodHandle$Holder.invokeStatic(java.lang.Object, java.lang.Object, java.lang.Object, java.lang.Object, java.lang.Object, java.lang.Object, java.lang.Object, java.lang.Object, java.lang.Object, java.lang.Object, java.lang.Object, java.lang.Object, java.lang.Object, java.lang.Object, java.lang.Object, java.lang.Object)'> (0x0000000089d78268) thrown at [./src/hotspot/share/interpreter/linkResolver.cpp, l
Event: 2.835 Thread 0x00000204a38fd000 Exception <a 'java/lang/NoSuchMethodError'{0x0000000089d863d8}: 'java.lang.Object java.lang.invoke.DirectMethodHandle$Holder.invokeSpecial(java.lang.Object, java.lang.Object, int, int, java.lang.Object, java.lang.Object, java.lang.Object)'> (0x0000000089d863d8) thrown at [./src/hotspot/share/interpreter/linkResolver.cpp, line 773]
Event: 2.835 Thread 0x00000204a38fd000 Exception <a 'java/lang/NoSuchMethodError'{0x0000000089d89c10}: 'java.lang.Object java.lang.invoke.DelegatingMethodHandle$Holder.reinvoke_L(java.lang.Object, int, int, java.lang.Object, java.lang.Object, java.lang.Object)'> (0x0000000089d89c10) thrown at [./src/hotspot/share/interpreter/linkResolver.cpp, line 773]
Event: 2.835 Thread 0x00000204a38fd000 Exception <a 'java/lang/NoSuchMethodError'{0x0000000089d8e240}: 'java.lang.Object java.lang.invoke.DirectMethodHandle$Holder.invokeStatic(java.lang.Object, java.lang.Object, java.lang.Object, java.lang.Object, int)'> (0x0000000089d8e240) thrown at [./src/hotspot/share/interpreter/linkResolver.cpp, line 773]
Event: 2.975 Thread 0x00000204a38fd000 Exception <a 'java/lang/ClassNotFoundException'{0x0000000089603878}: sun/util/logging/resources/spi/loggingProvider> (0x0000000089603878) thrown at [./src/hotspot/share/classfile/systemDictionary.cpp, line 231]
Event: 3.105 Thread 0x00000204c66bd000 Implicit null exception at 0x00000204b3ceee14 to 0x00000204b3cef338
Event: 3.105 Thread 0x00000204c66bd000 Implicit null exception at 0x00000204b3c14b14 to 0x00000204b3c15018
Event: 3.223 Thread 0x00000204c66bd000 Implicit null exception at 0x00000204b3c95b4f to 0x00000204b3c963c8
Event: 4.402 Thread 0x00000204c66bd000 Exception <a 'java/io/FileNotFoundException'{0x000000008b68a158}> (0x000000008b68a158) thrown at [./src/hotspot/share/prims/jni.cpp, line 615]

Events (20 events):
Event: 11.375 Executing VM operation: RevokeBias
Event: 11.375 Executing VM operation: RevokeBias done
Event: 11.375 loading class org/apache/tomcat/util/http/Parameters
Event: 11.375 loading class org/apache/tomcat/util/http/Parameters done
Event: 11.375 loading class org/apache/coyote/Response
Event: 11.375 loading class org/apache/coyote/Response done
Event: 11.375 Executing VM operation: RevokeBias
Event: 11.376 Executing VM operation: RevokeBias done
Event: 11.376 loading class org/apache/coyote/Response
Event: 11.376 loading class org/apache/coyote/Response done
Event: 11.376 loading class org/apache/coyote/Response
Event: 11.376 loading class org/apache/coyote/Response done
Event: 11.376 Executing VM operation: RevokeBias
Event: 11.376 Executing VM operation: RevokeBias done
Event: 11.376 loading class org/apache/coyote/Response
Event: 11.376 loading class org/apache/coyote/Response done
Event: 11.377 loading class org/apache/coyote/http11/InternalInputBuffer$InputStreamInputBuffer
Event: 11.377 loading class org/apache/coyote/http11/InternalInputBuffer$InputStreamInputBuffer done
Event: 11.377 Executing VM operation: RevokeBias
Event: 11.377 Executing VM operation: RevokeBias done


Dynamic libraries:
0x00007ff713c70000 - 0x00007ff713c7d000 	C:\Users\Anton\.jdks\corretto-11.0.11\bin\java.exe
0x00007ffce2140000 - 0x00007ffce2330000 	C:\WINDOWS\SYSTEM32\ntdll.dll
0x00007ffce11f0000 - 0x00007ffce12a2000 	C:\WINDOWS\System32\KERNEL32.DLL
0x00007ffcdf740000 - 0x00007ffcdf9e4000 	C:\WINDOWS\System32\KERNELBASE.dll
0x00007ffcdf250000 - 0x00007ffcdf34a000 	C:\WINDOWS\System32\ucrtbase.dll
0x00007ffcd6900000 - 0x00007ffcd6917000 	C:\Users\Anton\.jdks\corretto-11.0.11\bin\jli.dll
0x00007ffcd65d0000 - 0x00007ffcd65e9000 	C:\Users\Anton\.jdks\corretto-11.0.11\bin\VCRUNTIME140.dll
0x00007ffce0490000 - 0x00007ffce0625000 	C:\WINDOWS\System32\USER32.dll
0x00007ffcdf220000 - 0x00007ffcdf241000 	C:\WINDOWS\System32\win32u.dll
0x00007ffcb06c0000 - 0x00007ffcb0944000 	C:\WINDOWS\WinSxS\amd64_microsoft.windows.common-controls_6595b64144ccf1df_6.0.18362.1016_none_9e7a36bbe461dae4\COMCTL32.dll
0x00007ffce0ac0000 - 0x00007ffce0ae6000 	C:\WINDOWS\System32\GDI32.dll
0x00007ffce0cb0000 - 0x00007ffce0d4e000 	C:\WINDOWS\System32\msvcrt.dll
0x00007ffcdf500000 - 0x00007ffcdf696000 	C:\WINDOWS\System32\gdi32full.dll
0x00007ffce0780000 - 0x00007ffce0ab5000 	C:\WINDOWS\System32\combase.dll
0x00007ffcdf6a0000 - 0x00007ffcdf73e000 	C:\WINDOWS\System32\msvcp_win.dll
0x00007ffce12c0000 - 0x00007ffce13e0000 	C:\WINDOWS\System32\RPCRT4.dll
0x00007ffcdf0f0000 - 0x00007ffcdf170000 	C:\WINDOWS\System32\bcryptPrimitives.dll
0x00007ffce02a0000 - 0x00007ffce02ce000 	C:\WINDOWS\System32\IMM32.DLL
0x00007ffc99ce0000 - 0x00007ffc99d7b000 	C:\Users\Anton\.jdks\corretto-11.0.11\bin\msvcp140.dll
0x00007ffc86190000 - 0x00007ffc86cdc000 	C:\Users\Anton\.jdks\corretto-11.0.11\bin\server\jvm.dll
0x00007ffce01f0000 - 0x00007ffce0293000 	C:\WINDOWS\System32\ADVAPI32.dll
0x00007ffce0e00000 - 0x00007ffce0e97000 	C:\WINDOWS\System32\sechost.dll
0x00007ffce13e0000 - 0x00007ffce13e8000 	C:\WINDOWS\System32\PSAPI.DLL
0x00007ffcda1f0000 - 0x00007ffcda214000 	C:\WINDOWS\SYSTEM32\WINMM.dll
0x00007ffcbe4b0000 - 0x00007ffcbe4b9000 	C:\WINDOWS\SYSTEM32\WSOCK32.dll
0x00007ffcd4db0000 - 0x00007ffcd4dba000 	C:\WINDOWS\SYSTEM32\VERSION.dll
0x00007ffce0c40000 - 0x00007ffce0caf000 	C:\WINDOWS\System32\WS2_32.dll
0x00007ffcda1c0000 - 0x00007ffcda1ed000 	C:\WINDOWS\SYSTEM32\WINMMBASE.dll
0x00007ffcdf9f0000 - 0x00007ffcdfa3a000 	C:\WINDOWS\System32\cfgmgr32.dll
0x00007ffcdf020000 - 0x00007ffcdf031000 	C:\WINDOWS\System32\kernel.appcore.dll
0x00007ffcda2b0000 - 0x00007ffcda2c0000 	C:\Users\Anton\.jdks\corretto-11.0.11\bin\verify.dll
0x00007ffcdc860000 - 0x00007ffcdca54000 	C:\WINDOWS\SYSTEM32\DBGHELP.DLL
0x00007ffcbe480000 - 0x00007ffcbe4aa000 	C:\WINDOWS\SYSTEM32\dbgcore.DLL
0x00007ffcd5f60000 - 0x00007ffcd5f88000 	C:\Users\Anton\.jdks\corretto-11.0.11\bin\java.dll
0x00007ffcd5f50000 - 0x00007ffcd5f5a000 	C:\Users\Anton\.jdks\corretto-11.0.11\bin\jimage.dll
0x00007ffcd5f30000 - 0x00007ffcd5f47000 	C:\Users\Anton\.jdks\corretto-11.0.11\bin\zip.dll
0x00007ffce1a10000 - 0x00007ffce20f7000 	C:\WINDOWS\System32\SHELL32.dll
0x00007ffce0d50000 - 0x00007ffce0df9000 	C:\WINDOWS\System32\shcore.dll
0x00007ffcdfa60000 - 0x00007ffce01e2000 	C:\WINDOWS\System32\windows.storage.dll
0x00007ffcdf040000 - 0x00007ffcdf063000 	C:\WINDOWS\System32\profapi.dll
0x00007ffcdf070000 - 0x00007ffcdf0ba000 	C:\WINDOWS\System32\powrprof.dll
0x00007ffcdeff0000 - 0x00007ffcdf000000 	C:\WINDOWS\System32\UMPDC.dll
0x00007ffce0430000 - 0x00007ffce0482000 	C:\WINDOWS\System32\shlwapi.dll
0x00007ffcdfa40000 - 0x00007ffcdfa57000 	C:\WINDOWS\System32\cryptsp.dll
0x00007ffcd5f10000 - 0x00007ffcd5f29000 	C:\Users\Anton\.jdks\corretto-11.0.11\bin\net.dll
0x00007ffcdd210000 - 0x00007ffcdd300000 	C:\WINDOWS\SYSTEM32\WINHTTP.dll
0x00007ffcde850000 - 0x00007ffcde8b7000 	C:\WINDOWS\system32\mswsock.dll
0x00007ffccc5f0000 - 0x00007ffccc602000 	C:\Users\Anton\.jdks\corretto-11.0.11\bin\nio.dll
0x0000000069ac0000 - 0x0000000069ae4000 	C:\Program Files\Maven\apache-maven-3.8.6\lib\jansi-native\Windows\x86_64\jansi.dll
0x00007ffcde3c0000 - 0x00007ffcde3f3000 	C:\WINDOWS\system32\rsaenh.dll
0x00007ffcdf0c0000 - 0x00007ffcdf0e6000 	C:\WINDOWS\System32\bcrypt.dll
0x00007ffcdef10000 - 0x00007ffcdef35000 	C:\WINDOWS\SYSTEM32\USERENV.dll
0x00007ffcdea20000 - 0x00007ffcdea2c000 	C:\WINDOWS\SYSTEM32\CRYPTBASE.dll
0x00007ffcde560000 - 0x00007ffcde59a000 	C:\WINDOWS\SYSTEM32\IPHLPAPI.DLL
0x00007ffce12b0000 - 0x00007ffce12b8000 	C:\WINDOWS\System32\NSI.dll
0x00007ffcd5fb0000 - 0x00007ffcd5fc6000 	C:\WINDOWS\SYSTEM32\dhcpcsvc6.DLL
0x00007ffcd5100000 - 0x00007ffcd511c000 	C:\WINDOWS\SYSTEM32\dhcpcsvc.DLL
0x00007ffcde5a0000 - 0x00007ffcde66b000 	C:\WINDOWS\SYSTEM32\DNSAPI.dll
0x00007ffcd5f00000 - 0x00007ffcd5f09000 	C:\Users\Anton\.jdks\corretto-11.0.11\bin\management.dll
0x00007ffcd4d70000 - 0x00007ffcd4d7b000 	C:\Users\Anton\.jdks\corretto-11.0.11\bin\management_ext.dll

dbghelp: loaded successfully - version: 4.0.5 - missing functions: none
symbol engine: initialized successfully - sym options: 0x614 - pdb path: .;C:\Users\Anton\.jdks\corretto-11.0.11\bin;C:\WINDOWS\SYSTEM32;C:\WINDOWS\WinSxS\amd64_microsoft.windows.common-controls_6595b64144ccf1df_6.0.18362.1016_none_9e7a36bbe461dae4;C:\Users\Anton\.jdks\corretto-11.0.11\bin\server;C:\Program Files\Maven\apache-maven-3.8.6\lib\jansi-native\Windows\x86_64

VM Arguments:
jvm_args: -Dclassworlds.conf=C:\Program Files\Maven\apache-maven-3.8.6\bin\m2.conf -Dmaven.home=C:\Program Files\Maven\apache-maven-3.8.6 -Dlibrary.jansi.path=C:\Program Files\Maven\apache-maven-3.8.6\lib\jansi-native -Dmaven.multiModuleProjectDirectory=C:\Users\Anton\source\4k-1c\labs\programming_into_internet\lab3 
java_command: org.codehaus.plexus.classworlds.launcher.Launcher tomcat7:run
java_class_path (initial): C:\Program Files\Maven\apache-maven-3.8.6\boot\plexus-classworlds-2.6.0.jar
Launcher Type: SUN_STANDARD

[Global flags]
     intx CICompilerCount                          = 4                                         {product} {ergonomic}
     uint ConcGCThreads                            = 2                                         {product} {ergonomic}
     uint G1ConcRefinementThreads                  = 8                                         {product} {ergonomic}
   size_t G1HeapRegionSize                         = 1048576                                   {product} {ergonomic}
    uintx GCDrainStackTargetSize                   = 64                                        {product} {ergonomic}
   size_t InitialHeapSize                          = 132120576                                 {product} {ergonomic}
   size_t MarkStackSize                            = 4194304                                   {product} {ergonomic}
   size_t MaxHeapSize                              = 2109734912                                {product} {ergonomic}
   size_t MaxNewSize                               = 1265631232                                {product} {ergonomic}
   size_t MinHeapDeltaBytes                        = 1048576                                   {product} {ergonomic}
    uintx NonNMethodCodeHeapSize                   = 5836300                                {pd product} {ergonomic}
    uintx NonProfiledCodeHeapSize                  = 122910970                              {pd product} {ergonomic}
    uintx ProfiledCodeHeapSize                     = 122910970                              {pd product} {ergonomic}
    uintx ReservedCodeCacheSize                    = 251658240                              {pd product} {ergonomic}
     bool SegmentedCodeCache                       = true                                      {product} {ergonomic}
     bool UseCompressedClassPointers               = true                                 {lp64_product} {ergonomic}
     bool UseCompressedOops                        = true                                 {lp64_product} {ergonomic}
     bool UseG1GC                                  = true                                      {product} {ergonomic}
     bool UseLargePagesIndividualAllocation        = false                                  {pd product} {ergonomic}

Logging:
Log output configuration:
 #0: stdout all=warning uptime,level,tags
 #1: stderr all=off uptime,level,tags

Environment Variables:
JAVA_HOME=C:\Users\Anton\.jdks\corretto-11.0.11
PATH=C:\Program Files (x86)\Common Files\Oracle\Java\javapath;C:\app\oracle\product\12.1.0\dbhome_2\bin;C:\app\oracle\product\12.1.0\dbhome_1\bin;C:\Python39\Scripts\;C:\Python39\;C:\Users\Anton\.jdks\corretto-11.0.11\bin;C:\Program Files (x86)\Intel\iCLS Client\;C:\Program Files\Intel\iCLS Client\;C:\WINDOWS\system32;C:\WINDOWS;C:\WINDOWS\System32\Wbem;C:\WINDOWS\System32\WindowsPowerShell\v1.0\;C:\Program Files (x86)\Intel\Intel(R) Management Engine Components\DAL;C:\Program Files\Intel\Intel(R) Management Engine Components\DAL;C:\Program Files (x86)\Intel\Intel(R) Management Engine Components\IPT;C:\Program Files\Intel\Intel(R) Management Engine Components\IPT;C:\WINDOWS\System32\OpenSSH\;C:\Program Files\Intel\WiFi\bin\;C:\Program Files\Common Files\Intel\WirelessCommon\;C:\Program Files\Git\cmd;C:\Program Files\Microsoft SQL Server\130\Tools\Binn\;C:\Program Files\Microsoft SQL Server\Client SDK\ODBC\170\Tools\Binn\;C:\Program Files (x86)\Microsoft SQL Server\150\DTS\Binn\;C:\Program Files (x86)\Microsoft SQL Server\150\Tools\Binn\;C:\Program Files\Microsoft SQL Server\150\Tools\Binn\;C:\Program Files\Microsoft SQL Server\150\DTS\Binn\;C:\ProgramData\chocolatey\bin;c:\aspectj1.9\bin;C:\Program Files\PostgreSQL\14\bin;C:\sqlite3;C:\Program Files\dotnet\;C:\Opencv\opencv\build\bin;C:\Program Files\Maven\apache-maven-3.8.6\bin;C:\Users\Anton\AppData\Roaming\nvm;C:\Program Files\nodejs;C:\Users\Anton\AppData\Local\Programs\Python\Python310\Scripts\;C:\Users\Anton\AppData\Local\Programs\Python\Python310\;C:\Users\Anton\.jdks\corretto-11.0.11\bin;C:\Program Files\Azure Data Studio\bin;C:\Users\Anton\AppData\Local\Programs\Microsoft VS Code\bin;C:\Users\Anton\.dotnet\tools;C:\Program Files\JetBrains\IntelliJ IDEA 2021.1.2\bin;;C:\Users\Anton\source\repos\pacei_NV_sovremenueTehnologiyVInternet\\Lab11(Maven)\apache-maven-3.8.1\bin\;C:\Users\Anton\AppData\Roaming\npm;c:\aspectj1.9\bin;C:\Program Files\heroku\bin;C:\Program Files\PostgreSQL\14\bin;C:\Program File
USERNAME=Anton
OS=Windows_NT
PROCESSOR_IDENTIFIER=Intel64 Family 6 Model 142 Stepping 10, GenuineIntel



---------------  S Y S T E M  ---------------

OS: Windows 10 , 64 bit Build 18362 (10.0.18362.959)
OS uptime: 3 days 18:36 hours

CPU:total 8 (initial active 8) (4 cores per cpu, 2 threads per core) family 6 model 142 stepping 10 microcode 0xca, cmov, cx8, fxsr, mmx, sse, sse2, sse3, ssse3, sse4.1, sse4.2, popcnt, avx, avx2, aes, clmul, erms, 3dnowpref, lzcnt, ht, tsc, tscinvbit, bmi1, bmi2, adx, fma

Memory: 4k page, system-wide physical 8046M (575M free)
TotalPageFile size 14190M (AvailPageFile size 5M)
current process WorkingSet (physical memory assigned to process): 262M, peak: 323M
current process commit charge ("private bytes"): 325M, peak: 387M

vm_info: OpenJDK 64-Bit Server VM (11.0.11+9-LTS) for windows-amd64 JRE (11.0.11+9-LTS), built on Apr 14 2021 00:00:20 by "Administrator" with MS VC++ 15.9 (VS2017)

END.
