#
# There is insufficient memory for the Java Runtime Environment to continue.
# Native memory allocation (malloc) failed to allocate 145776 bytes for Chunk::new
# Possible reasons:
#   The system is out of physical RAM or swap space
#   The process is running with CompressedOops enabled, and the Java Heap may be blocking the growth of the native heap
# Possible solutions:
#   Reduce memory load on the system
#   Increase physical memory or swap space
#   Check if swap backing store is full
#   Decrease Java heap size (-Xmx/-Xms)
#   Decrease number of Java threads
#   Decrease Java thread stack sizes (-Xss)
#   Set larger code cache with -XX:ReservedCodeCacheSize=
#   JVM is running with Unscaled Compressed Oops mode in which the Java heap is
#     placed in the first 4GB address space. The Java Heap base address is the
#     maximum limit for the native heap growth. Please use -XX:HeapBaseMinAddress
#     to set the Java Heap base and to place the Java Heap above 4GB virtual address.
# This output file may be truncated or incomplete.
#
#  Out of Memory Error (./src/hotspot/share/memory/arena.cpp:197), pid=25592, tid=10928
#
# JRE version: OpenJDK Runtime Environment Corretto-11.0.11.9.1 (11.0.11+9) (build 11.0.11+9-LTS)
# Java VM: OpenJDK 64-Bit Server VM Corretto-11.0.11.9.1 (11.0.11+9-LTS, mixed mode, tiered, compressed oops, g1 gc, windows-amd64)
# No core dump will be written. Minidumps are not enabled by default on client versions of Windows
#

---------------  S U M M A R Y ------------

Command Line: -Dclassworlds.conf=C:\Program Files\Maven\apache-maven-3.8.6\bin\m2.conf -Dmaven.home=C:\Program Files\Maven\apache-maven-3.8.6 -Dlibrary.jansi.path=C:\Program Files\Maven\apache-maven-3.8.6\lib\jansi-native -Dmaven.multiModuleProjectDirectory=C:\Users\Anton\source\4k-1c\labs\programming_into_internet\lab3 org.codehaus.plexus.classworlds.launcher.Launcher tomcat7:run

Host: Intel(R) Core(TM) i5-8250U CPU @ 1.60GHz, 8 cores, 7G,  Windows 10 , 64 bit Build 18362 (10.0.18362.959)
Time: Wed Oct 12 06:43:57 2022 Aaea?onu (ceia) elapsed time: 11.662194 seconds (0d 0h 0m 11s)

---------------  T H R E A D  ---------------

Current thread (0x0000029104e24800):  JavaThread "C2 CompilerThread0" daemon [_thread_in_native, id=10928, stack(0x000000e93fb00000,0x000000e93fc00000)]


Current CompileTask:
C2:  11662 4949 %     4       sun.nio.cs.SingleByte::initC2B @ 50 (233 bytes)

Stack: [0x000000e93fb00000,0x000000e93fc00000]
Native frames: (J=compiled Java code, j=interpreted, Vv=VM code, C=native code)
V  [jvm.dll+0x5f867a]
V  [jvm.dll+0x78124e]
V  [jvm.dll+0x78291f]
V  [jvm.dll+0x782fe3]
V  [jvm.dll+0x246e88]
V  [jvm.dll+0xbe2ac]
V  [jvm.dll+0xbe9ac]
V  [jvm.dll+0x34c7e7]
V  [jvm.dll+0x31a083]
V  [jvm.dll+0x3193ba]
V  [jvm.dll+0x2009c5]
V  [jvm.dll+0x1ffbaf]
V  [jvm.dll+0x184b4c]
V  [jvm.dll+0x20ee67]
V  [jvm.dll+0x20d04b]
V  [jvm.dll+0x745629]
V  [jvm.dll+0x73e694]
V  [jvm.dll+0x5f74f6]
C  [ucrtbase.dll+0x20e82]
C  [KERNEL32.DLL+0x17bd4]
C  [ntdll.dll+0x6ce51]


---------------  P R O C E S S  ---------------

Threads class SMR info:
_java_thread_list=0x00000291063cb850, length=19, elements={
0x000002916555f000, 0x0000029104598800, 0x000002910459a000, 0x0000029104e1c000,
0x0000029104e1d000, 0x0000029104e20000, 0x0000029104e24800, 0x0000029104e29000,
0x0000029104e2a000, 0x0000029104fbd000, 0x0000029108026800, 0x0000029108af1000,
0x0000029108ee8000, 0x000002910948c800, 0x0000029108549000, 0x0000029108546800,
0x0000029108545000, 0x0000029108546000, 0x000002910591a800
}

Java Threads: ( => current thread )
  0x000002916555f000 JavaThread "main" [_thread_blocked, id=19924, stack(0x000000e93ef00000,0x000000e93f000000)]
  0x0000029104598800 JavaThread "Reference Handler" daemon [_thread_blocked, id=10132, stack(0x000000e93f600000,0x000000e93f700000)]
  0x000002910459a000 JavaThread "Finalizer" daemon [_thread_blocked, id=8440, stack(0x000000e93f700000,0x000000e93f800000)]
  0x0000029104e1c000 JavaThread "Signal Dispatcher" daemon [_thread_blocked, id=9904, stack(0x000000e93f800000,0x000000e93f900000)]
  0x0000029104e1d000 JavaThread "Attach Listener" daemon [_thread_blocked, id=2744, stack(0x000000e93f900000,0x000000e93fa00000)]
  0x0000029104e20000 JavaThread "Service Thread" daemon [_thread_blocked, id=20844, stack(0x000000e93fa00000,0x000000e93fb00000)]
=>0x0000029104e24800 JavaThread "C2 CompilerThread0" daemon [_thread_in_native, id=10928, stack(0x000000e93fb00000,0x000000e93fc00000)]
  0x0000029104e29000 JavaThread "C1 CompilerThread0" daemon [_thread_in_native, id=20460, stack(0x000000e93fc00000,0x000000e93fd00000)]
  0x0000029104e2a000 JavaThread "Sweeper thread" daemon [_thread_blocked, id=4124, stack(0x000000e93fd00000,0x000000e93fe00000)]
  0x0000029104fbd000 JavaThread "Common-Cleaner" daemon [_thread_blocked, id=24216, stack(0x000000e93ff00000,0x000000e940000000)]
  0x0000029108026800 JavaThread "Tomcat-startStop-1" daemon [_thread_blocked, id=4296, stack(0x000000e940500000,0x000000e940600000)]
  0x0000029108af1000 JavaThread "localhost-startStop-1" daemon [_thread_blocked, id=24504, stack(0x000000e940600000,0x000000e940700000)]
  0x0000029108ee8000 JavaThread "Thread-2" daemon [_thread_in_native, id=3752, stack(0x000000e940700000,0x000000e940800000)]
  0x000002910948c800 JavaThread "ContainerBackgroundProcessor[StandardEngine[Tomcat]]" daemon [_thread_blocked, id=1236, stack(0x000000e940800000,0x000000e940900000)]
  0x0000029108549000 JavaThread "http-bio-8080-Acceptor-0" daemon [_thread_in_native, id=17156, stack(0x000000e940900000,0x000000e940a00000)]
  0x0000029108546800 JavaThread "http-bio-8080-AsyncTimeout" daemon [_thread_blocked, id=21448, stack(0x000000e940a00000,0x000000e940b00000)]
  0x0000029108545000 JavaThread "http-bio-8080-exec-1" daemon [_thread_in_native, id=14820, stack(0x000000e940100000,0x000000e940200000)]
  0x0000029108546000 JavaThread "http-bio-8080-exec-2" daemon [_thread_in_vm, id=19436, stack(0x000000e940b00000,0x000000e940c00000)]
  0x000002910591a800 JavaThread "C2 CompilerThread1" daemon [_thread_in_native, id=22896, stack(0x000000e940000000,0x000000e940100000)]

Other Threads:
  0x0000029104595000 VMThread "VM Thread" [stack: 0x000000e93f500000,0x000000e93f600000] [id=2788]
  0x0000029104f92800 WatcherThread [stack: 0x000000e93fe00000,0x000000e93ff00000] [id=22296]
  0x0000029165576000 GCTaskThread "GC Thread#0" [stack: 0x000000e93f000000,0x000000e93f100000] [id=22904]
  0x0000029105a88000 GCTaskThread "GC Thread#1" [stack: 0x000000e940200000,0x000000e940300000] [id=11272]
  0x0000029105f18000 GCTaskThread "GC Thread#2" [stack: 0x000000e940300000,0x000000e940400000] [id=556]
  0x00000291655aa800 ConcurrentGCThread "G1 Main Marker" [stack: 0x000000e93f100000,0x000000e93f200000] [id=9792]
  0x00000291655ae800 ConcurrentGCThread "G1 Conc#0" [stack: 0x000000e93f200000,0x000000e93f300000] [id=3048]
  0x0000029106855000 ConcurrentGCThread "G1 Conc#1" [stack: 0x000000e940400000,0x000000e940500000] [id=23352]
  0x00000291043fd800 ConcurrentGCThread "G1 Refine#0" [stack: 0x000000e93f300000,0x000000e93f400000] [id=4640]
  0x00000291043fe800 ConcurrentGCThread "G1 Young RemSet Sampling" [stack: 0x000000e93f400000,0x000000e93f500000] [id=1300]

Threads with active compile tasks:
C2 CompilerThread0  11708 4949 %     4       sun.nio.cs.SingleByte::initC2B @ 50 (233 bytes)
C2 CompilerThread1  11708 4961   !   4       java.lang.ClassLoader::loadClass (122 bytes)

VM state:not at safepoint (normal execution)

VM Mutex/Monitor currently owned by a thread: None

Heap address: 0x0000000082400000, size: 2012 MB, Compressed Oops mode: 32-bit
Narrow klass base: 0x0000000000000000, Narrow klass shift: 3
Compressed class space size: 1073741824 Address: 0x0000000100000000

Heap:
 garbage-first heap   total 155648K, used 36816K [0x0000000082400000, 0x0000000100000000)
  region size 1024K, 20 young (20480K), 4 survivors (4096K)
 Metaspace       used 33631K, capacity 34310K, committed 34608K, reserved 1081344K
  class space    used 3617K, capacity 3873K, committed 3968K, reserved 1048576K
Heap Regions: E=young(eden), S=young(survivor), O=old, HS=humongous(starts), HC=humongous(continues), CS=collection set, F=free, A=archive, TAMS=top-at-mark-start (previous, next)
|   0|0x0000000082400000, 0x0000000082500000, 0x0000000082500000|100%| O|  |TAMS 0x0000000082500000, 0x0000000082400000| Untracked 
|   1|0x0000000082500000, 0x0000000082600000, 0x0000000082600000|100%| O|  |TAMS 0x0000000082600000, 0x0000000082500000| Untracked 
|   2|0x0000000082600000, 0x0000000082700000, 0x0000000082700000|100%| O|  |TAMS 0x0000000082700000, 0x0000000082600000| Untracked 
|   3|0x0000000082700000, 0x0000000082800000, 0x0000000082800000|100%| O|  |TAMS 0x0000000082800000, 0x0000000082700000| Untracked 
|   4|0x0000000082800000, 0x0000000082900000, 0x0000000082900000|100%| O|  |TAMS 0x0000000082900000, 0x0000000082800000| Untracked 
|   5|0x0000000082900000, 0x0000000082a00000, 0x0000000082a00000|100%| O|  |TAMS 0x0000000082a00000, 0x0000000082900000| Untracked 
|   6|0x0000000082a00000, 0x0000000082b00000, 0x0000000082b00000|100%| O|  |TAMS 0x0000000082b00000, 0x0000000082a00000| Untracked 
|   7|0x0000000082b00000, 0x0000000082c00000, 0x0000000082c00000|100%| O|  |TAMS 0x0000000082c00000, 0x0000000082b00000| Untracked 
|   8|0x0000000082c00000, 0x0000000082d00000, 0x0000000082d00000|100%| O|  |TAMS 0x0000000082c8ea00, 0x0000000082c00000| Untracked 
|   9|0x0000000082d00000, 0x0000000082e00000, 0x0000000082e00000|100%| O|  |TAMS 0x0000000082d00000, 0x0000000082d00000| Untracked 
|  10|0x0000000082e00000, 0x0000000082f00000, 0x0000000082f00000|100%| O|  |TAMS 0x0000000082e00000, 0x0000000082e00000| Untracked 
|  11|0x0000000082f00000, 0x0000000083000000, 0x0000000083000000|100%| O|  |TAMS 0x0000000082f00000, 0x0000000082f00000| Untracked 
|  12|0x0000000083000000, 0x0000000083100000, 0x0000000083100000|100%| O|  |TAMS 0x0000000083000000, 0x0000000083000000| Untracked 
|  13|0x0000000083100000, 0x0000000083200000, 0x0000000083200000|100%| O|  |TAMS 0x0000000083100000, 0x0000000083100000| Untracked 
|  14|0x0000000083200000, 0x0000000083300000, 0x0000000083300000|100%| O|  |TAMS 0x0000000083200000, 0x0000000083200000| Untracked 
|  15|0x0000000083300000, 0x0000000083400000, 0x0000000083400000|100%| O|  |TAMS 0x0000000083300000, 0x0000000083300000| Untracked 
|  16|0x0000000083400000, 0x0000000083500000, 0x0000000083500000|100%| O|  |TAMS 0x0000000083400000, 0x0000000083400000| Untracked 
|  17|0x0000000083500000, 0x0000000083530400, 0x0000000083600000| 18%| O|  |TAMS 0x0000000083500000, 0x0000000083500000| Untracked 
|  18|0x0000000083600000, 0x0000000083600000, 0x0000000083700000|  0%| F|  |TAMS 0x0000000083600000, 0x0000000083600000| Untracked 
|  19|0x0000000083700000, 0x0000000083700000, 0x0000000083800000|  0%| F|  |TAMS 0x0000000083700000, 0x0000000083700000| Untracked 
|  20|0x0000000083800000, 0x0000000083800000, 0x0000000083900000|  0%| F|  |TAMS 0x0000000083800000, 0x0000000083800000| Untracked 
|  21|0x0000000083900000, 0x0000000083900000, 0x0000000083a00000|  0%| F|  |TAMS 0x0000000083900000, 0x0000000083900000| Untracked 
|  22|0x0000000083a00000, 0x0000000083a00000, 0x0000000083b00000|  0%| F|  |TAMS 0x0000000083a00000, 0x0000000083a00000| Untracked 
|  23|0x0000000083b00000, 0x0000000083b00000, 0x0000000083c00000|  0%| F|  |TAMS 0x0000000083b00000, 0x0000000083b00000| Untracked 
|  24|0x0000000083c00000, 0x0000000083c00000, 0x0000000083d00000|  0%| F|  |TAMS 0x0000000083c00000, 0x0000000083c00000| Untracked 
|  25|0x0000000083d00000, 0x0000000083d00000, 0x0000000083e00000|  0%| F|  |TAMS 0x0000000083d00000, 0x0000000083d00000| Untracked 
|  26|0x0000000083e00000, 0x0000000083e00000, 0x0000000083f00000|  0%| F|  |TAMS 0x0000000083e00000, 0x0000000083e00000| Untracked 
|  27|0x0000000083f00000, 0x0000000083f00000, 0x0000000084000000|  0%| F|  |TAMS 0x0000000083f00000, 0x0000000083f00000| Untracked 
|  28|0x0000000084000000, 0x0000000084000000, 0x0000000084100000|  0%| F|  |TAMS 0x0000000084000000, 0x0000000084000000| Untracked 
|  29|0x0000000084100000, 0x0000000084100000, 0x0000000084200000|  0%| F|  |TAMS 0x0000000084100000, 0x0000000084100000| Untracked 
|  30|0x0000000084200000, 0x0000000084200000, 0x0000000084300000|  0%| F|  |TAMS 0x0000000084200000, 0x0000000084200000| Untracked 
|  31|0x0000000084300000, 0x0000000084300000, 0x0000000084400000|  0%| F|  |TAMS 0x0000000084300000, 0x0000000084300000| Untracked 
|  32|0x0000000084400000, 0x0000000084400000, 0x0000000084500000|  0%| F|  |TAMS 0x0000000084400000, 0x0000000084400000| Untracked 
|  33|0x0000000084500000, 0x0000000084500000, 0x0000000084600000|  0%| F|  |TAMS 0x0000000084500000, 0x0000000084500000| Untracked 
|  34|0x0000000084600000, 0x0000000084600000, 0x0000000084700000|  0%| F|  |TAMS 0x0000000084600000, 0x0000000084600000| Untracked 
|  35|0x0000000084700000, 0x0000000084700000, 0x0000000084800000|  0%| F|  |TAMS 0x0000000084700000, 0x0000000084700000| Untracked 
|  36|0x0000000084800000, 0x0000000084800000, 0x0000000084900000|  0%| F|  |TAMS 0x0000000084800000, 0x0000000084800000| Untracked 
|  37|0x0000000084900000, 0x0000000084900000, 0x0000000084a00000|  0%| F|  |TAMS 0x0000000084900000, 0x0000000084900000| Untracked 
|  38|0x0000000084a00000, 0x0000000084a00000, 0x0000000084b00000|  0%| F|  |TAMS 0x0000000084a00000, 0x0000000084a00000| Untracked 
|  39|0x0000000084b00000, 0x0000000084b00000, 0x0000000084c00000|  0%| F|  |TAMS 0x0000000084b00000, 0x0000000084b00000| Untracked 
|  40|0x0000000084c00000, 0x0000000084c00000, 0x0000000084d00000|  0%| F|  |TAMS 0x0000000084c00000, 0x0000000084c00000| Untracked 
|  41|0x0000000084d00000, 0x0000000084d00000, 0x0000000084e00000|  0%| F|  |TAMS 0x0000000084d00000, 0x0000000084d00000| Untracked 
|  42|0x0000000084e00000, 0x0000000084e00000, 0x0000000084f00000|  0%| F|  |TAMS 0x0000000084e00000, 0x0000000084e00000| Untracked 
|  43|0x0000000084f00000, 0x0000000084f00000, 0x0000000085000000|  0%| F|  |TAMS 0x0000000084f00000, 0x0000000084f00000| Untracked 
|  44|0x0000000085000000, 0x0000000085000000, 0x0000000085100000|  0%| F|  |TAMS 0x0000000085000000, 0x0000000085000000| Untracked 
|  45|0x0000000085100000, 0x0000000085100000, 0x0000000085200000|  0%| F|  |TAMS 0x0000000085100000, 0x0000000085100000| Untracked 
|  46|0x0000000085200000, 0x0000000085200000, 0x0000000085300000|  0%| F|  |TAMS 0x0000000085200000, 0x0000000085200000| Untracked 
|  47|0x0000000085300000, 0x0000000085300000, 0x0000000085400000|  0%| F|  |TAMS 0x0000000085300000, 0x0000000085300000| Untracked 
|  48|0x0000000085400000, 0x0000000085400000, 0x0000000085500000|  0%| F|  |TAMS 0x0000000085400000, 0x0000000085400000| Untracked 
|  49|0x0000000085500000, 0x0000000085500000, 0x0000000085600000|  0%| F|  |TAMS 0x0000000085500000, 0x0000000085500000| Untracked 
|  50|0x0000000085600000, 0x0000000085600000, 0x0000000085700000|  0%| F|  |TAMS 0x0000000085600000, 0x0000000085600000| Untracked 
|  51|0x0000000085700000, 0x0000000085700000, 0x0000000085800000|  0%| F|  |TAMS 0x0000000085700000, 0x0000000085700000| Untracked 
|  52|0x0000000085800000, 0x0000000085800000, 0x0000000085900000|  0%| F|  |TAMS 0x0000000085800000, 0x0000000085800000| Untracked 
|  53|0x0000000085900000, 0x0000000085900000, 0x0000000085a00000|  0%| F|  |TAMS 0x0000000085900000, 0x0000000085900000| Untracked 
|  54|0x0000000085a00000, 0x0000000085a00000, 0x0000000085b00000|  0%| F|  |TAMS 0x0000000085a00000, 0x0000000085a00000| Untracked 
|  55|0x0000000085b00000, 0x0000000085b00000, 0x0000000085c00000|  0%| F|  |TAMS 0x0000000085b00000, 0x0000000085b00000| Untracked 
|  56|0x0000000085c00000, 0x0000000085c00000, 0x0000000085d00000|  0%| F|  |TAMS 0x0000000085c00000, 0x0000000085c00000| Untracked 
|  57|0x0000000085d00000, 0x0000000085d00000, 0x0000000085e00000|  0%| F|  |TAMS 0x0000000085d00000, 0x0000000085d00000| Untracked 
|  58|0x0000000085e00000, 0x0000000085e00000, 0x0000000085f00000|  0%| F|  |TAMS 0x0000000085e00000, 0x0000000085e00000| Untracked 
|  59|0x0000000085f00000, 0x0000000085f00000, 0x0000000086000000|  0%| F|  |TAMS 0x0000000085f00000, 0x0000000085f00000| Untracked 
|  60|0x0000000086000000, 0x0000000086000000, 0x0000000086100000|  0%| F|  |TAMS 0x0000000086000000, 0x0000000086000000| Untracked 
|  61|0x0000000086100000, 0x0000000086100000, 0x0000000086200000|  0%| F|  |TAMS 0x0000000086100000, 0x0000000086100000| Untracked 
|  62|0x0000000086200000, 0x0000000086200000, 0x0000000086300000|  0%| F|  |TAMS 0x0000000086200000, 0x0000000086200000| Untracked 
|  63|0x0000000086300000, 0x0000000086300000, 0x0000000086400000|  0%| F|  |TAMS 0x0000000086300000, 0x0000000086300000| Untracked 
|  64|0x0000000086400000, 0x0000000086400000, 0x0000000086500000|  0%| F|  |TAMS 0x0000000086400000, 0x0000000086400000| Untracked 
|  65|0x0000000086500000, 0x0000000086500000, 0x0000000086600000|  0%| F|  |TAMS 0x0000000086500000, 0x0000000086500000| Untracked 
|  66|0x0000000086600000, 0x0000000086600000, 0x0000000086700000|  0%| F|  |TAMS 0x0000000086600000, 0x0000000086600000| Untracked 
|  67|0x0000000086700000, 0x00000000867c3e30, 0x0000000086800000| 76%| S|CS|TAMS 0x0000000086700000, 0x0000000086700000| Complete 
|  68|0x0000000086800000, 0x0000000086900000, 0x0000000086900000|100%| S|CS|TAMS 0x0000000086800000, 0x0000000086800000| Complete 
|  69|0x0000000086900000, 0x0000000086a00000, 0x0000000086a00000|100%| S|CS|TAMS 0x0000000086900000, 0x0000000086900000| Complete 
|  70|0x0000000086a00000, 0x0000000086b00000, 0x0000000086b00000|100%| S|CS|TAMS 0x0000000086a00000, 0x0000000086a00000| Complete 
|  71|0x0000000086b00000, 0x0000000086b00000, 0x0000000086c00000|  0%| F|  |TAMS 0x0000000086b00000, 0x0000000086b00000| Untracked 
|  72|0x0000000086c00000, 0x0000000086c00000, 0x0000000086d00000|  0%| F|  |TAMS 0x0000000086c00000, 0x0000000086c00000| Untracked 
|  73|0x0000000086d00000, 0x0000000086d00000, 0x0000000086e00000|  0%| F|  |TAMS 0x0000000086d00000, 0x0000000086d00000| Untracked 
|  74|0x0000000086e00000, 0x0000000086e00000, 0x0000000086f00000|  0%| F|  |TAMS 0x0000000086e00000, 0x0000000086e00000| Untracked 
|  75|0x0000000086f00000, 0x0000000086f00000, 0x0000000087000000|  0%| F|  |TAMS 0x0000000086f00000, 0x0000000086f00000| Untracked 
|  76|0x0000000087000000, 0x0000000087000000, 0x0000000087100000|  0%| F|  |TAMS 0x0000000087000000, 0x0000000087000000| Untracked 
|  77|0x0000000087100000, 0x0000000087100000, 0x0000000087200000|  0%| F|  |TAMS 0x0000000087100000, 0x0000000087100000| Untracked 
|  78|0x0000000087200000, 0x0000000087200000, 0x0000000087300000|  0%| F|  |TAMS 0x0000000087200000, 0x0000000087200000| Untracked 
|  79|0x0000000087300000, 0x0000000087300000, 0x0000000087400000|  0%| F|  |TAMS 0x0000000087300000, 0x0000000087300000| Untracked 
|  80|0x0000000087400000, 0x0000000087400000, 0x0000000087500000|  0%| F|  |TAMS 0x0000000087400000, 0x0000000087400000| Untracked 
|  81|0x0000000087500000, 0x0000000087500000, 0x0000000087600000|  0%| F|  |TAMS 0x0000000087500000, 0x0000000087500000| Untracked 
|  82|0x0000000087600000, 0x0000000087600000, 0x0000000087700000|  0%| F|  |TAMS 0x0000000087600000, 0x0000000087600000| Untracked 
|  83|0x0000000087700000, 0x0000000087700000, 0x0000000087800000|  0%| F|  |TAMS 0x0000000087700000, 0x0000000087700000| Untracked 
|  84|0x0000000087800000, 0x0000000087800000, 0x0000000087900000|  0%| F|  |TAMS 0x0000000087800000, 0x0000000087800000| Untracked 
|  85|0x0000000087900000, 0x0000000087900000, 0x0000000087a00000|  0%| F|  |TAMS 0x0000000087900000, 0x0000000087900000| Untracked 
|  86|0x0000000087a00000, 0x0000000087a00000, 0x0000000087b00000|  0%| F|  |TAMS 0x0000000087a00000, 0x0000000087a00000| Untracked 
|  87|0x0000000087b00000, 0x0000000087b00000, 0x0000000087c00000|  0%| F|  |TAMS 0x0000000087b00000, 0x0000000087b00000| Untracked 
|  88|0x0000000087c00000, 0x0000000087c00000, 0x0000000087d00000|  0%| F|  |TAMS 0x0000000087c00000, 0x0000000087c00000| Untracked 
|  89|0x0000000087d00000, 0x0000000087d00000, 0x0000000087e00000|  0%| F|  |TAMS 0x0000000087d00000, 0x0000000087d00000| Untracked 
|  90|0x0000000087e00000, 0x0000000087e00000, 0x0000000087f00000|  0%| F|  |TAMS 0x0000000087e00000, 0x0000000087e00000| Untracked 
|  91|0x0000000087f00000, 0x0000000087f00000, 0x0000000088000000|  0%| F|  |TAMS 0x0000000087f00000, 0x0000000087f00000| Untracked 
|  92|0x0000000088000000, 0x0000000088000000, 0x0000000088100000|  0%| F|  |TAMS 0x0000000088000000, 0x0000000088000000| Untracked 
|  93|0x0000000088100000, 0x0000000088100000, 0x0000000088200000|  0%| F|  |TAMS 0x0000000088100000, 0x0000000088100000| Untracked 
|  94|0x0000000088200000, 0x0000000088200000, 0x0000000088300000|  0%| F|  |TAMS 0x0000000088200000, 0x0000000088200000| Untracked 
|  95|0x0000000088300000, 0x0000000088300000, 0x0000000088400000|  0%| F|  |TAMS 0x0000000088300000, 0x0000000088300000| Untracked 
|  96|0x0000000088400000, 0x0000000088400000, 0x0000000088500000|  0%| F|  |TAMS 0x0000000088400000, 0x0000000088400000| Untracked 
|  97|0x0000000088500000, 0x0000000088500000, 0x0000000088600000|  0%| F|  |TAMS 0x0000000088500000, 0x0000000088500000| Untracked 
|  98|0x0000000088600000, 0x0000000088600000, 0x0000000088700000|  0%| F|  |TAMS 0x0000000088600000, 0x0000000088600000| Untracked 
|  99|0x0000000088700000, 0x0000000088700000, 0x0000000088800000|  0%| F|  |TAMS 0x0000000088700000, 0x0000000088700000| Untracked 
| 100|0x0000000088800000, 0x0000000088800000, 0x0000000088900000|  0%| F|  |TAMS 0x0000000088800000, 0x0000000088800000| Untracked 
| 101|0x0000000088900000, 0x0000000088900000, 0x0000000088a00000|  0%| F|  |TAMS 0x0000000088900000, 0x0000000088900000| Untracked 
| 102|0x0000000088a00000, 0x0000000088a00000, 0x0000000088b00000|  0%| F|  |TAMS 0x0000000088a00000, 0x0000000088a00000| Untracked 
| 103|0x0000000088b00000, 0x0000000088b00000, 0x0000000088c00000|  0%| F|  |TAMS 0x0000000088b00000, 0x0000000088b00000| Untracked 
| 104|0x0000000088c00000, 0x0000000088c00000, 0x0000000088d00000|  0%| F|  |TAMS 0x0000000088c00000, 0x0000000088c00000| Untracked 
| 105|0x0000000088d00000, 0x0000000088d00000, 0x0000000088e00000|  0%| F|  |TAMS 0x0000000088d00000, 0x0000000088d00000| Untracked 
| 106|0x0000000088e00000, 0x0000000088e00000, 0x0000000088f00000|  0%| F|  |TAMS 0x0000000088e00000, 0x0000000088e00000| Untracked 
| 107|0x0000000088f00000, 0x0000000088f00000, 0x0000000089000000|  0%| F|  |TAMS 0x0000000088f00000, 0x0000000088f00000| Untracked 
| 108|0x0000000089000000, 0x0000000089000000, 0x0000000089100000|  0%| F|  |TAMS 0x0000000089000000, 0x0000000089000000| Untracked 
| 109|0x0000000089100000, 0x0000000089100000, 0x0000000089200000|  0%| F|  |TAMS 0x0000000089100000, 0x0000000089100000| Untracked 
| 110|0x0000000089200000, 0x0000000089200000, 0x0000000089300000|  0%| F|  |TAMS 0x0000000089200000, 0x0000000089200000| Untracked 
| 111|0x0000000089300000, 0x0000000089300000, 0x0000000089400000|  0%| F|  |TAMS 0x0000000089300000, 0x0000000089300000| Untracked 
| 112|0x0000000089400000, 0x0000000089400000, 0x0000000089500000|  0%| F|  |TAMS 0x0000000089400000, 0x0000000089400000| Untracked 
| 113|0x0000000089500000, 0x0000000089500000, 0x0000000089600000|  0%| F|  |TAMS 0x0000000089500000, 0x0000000089500000| Untracked 
| 114|0x0000000089600000, 0x0000000089600000, 0x0000000089700000|  0%| F|  |TAMS 0x0000000089600000, 0x0000000089600000| Untracked 
| 115|0x0000000089700000, 0x0000000089700000, 0x0000000089800000|  0%| F|  |TAMS 0x0000000089700000, 0x0000000089700000| Untracked 
| 116|0x0000000089800000, 0x0000000089800000, 0x0000000089900000|  0%| F|  |TAMS 0x0000000089800000, 0x0000000089800000| Untracked 
| 117|0x0000000089900000, 0x0000000089900000, 0x0000000089a00000|  0%| F|  |TAMS 0x0000000089900000, 0x0000000089900000| Untracked 
| 118|0x0000000089a00000, 0x0000000089a00000, 0x0000000089b00000|  0%| F|  |TAMS 0x0000000089a00000, 0x0000000089a00000| Untracked 
| 119|0x0000000089b00000, 0x0000000089b00000, 0x0000000089c00000|  0%| F|  |TAMS 0x0000000089b00000, 0x0000000089b00000| Untracked 
| 120|0x0000000089c00000, 0x0000000089c00000, 0x0000000089d00000|  0%| F|  |TAMS 0x0000000089c00000, 0x0000000089c00000| Untracked 
| 121|0x0000000089d00000, 0x0000000089d00000, 0x0000000089e00000|  0%| F|  |TAMS 0x0000000089d00000, 0x0000000089d00000| Untracked 
| 122|0x0000000089e00000, 0x0000000089e00000, 0x0000000089f00000|  0%| F|  |TAMS 0x0000000089e00000, 0x0000000089e00000| Untracked 
| 123|0x0000000089f00000, 0x0000000089f00000, 0x000000008a000000|  0%| F|  |TAMS 0x0000000089f00000, 0x0000000089f00000| Untracked 
| 124|0x000000008a000000, 0x000000008a000000, 0x000000008a100000|  0%| F|  |TAMS 0x000000008a000000, 0x000000008a000000| Untracked 
| 125|0x000000008a100000, 0x000000008a100000, 0x000000008a200000|  0%| F|  |TAMS 0x000000008a100000, 0x000000008a100000| Untracked 
| 126|0x000000008a200000, 0x000000008a200000, 0x000000008a300000|  0%| F|  |TAMS 0x000000008a200000, 0x000000008a200000| Untracked 
| 127|0x000000008a300000, 0x000000008a300000, 0x000000008a400000|  0%| F|  |TAMS 0x000000008a300000, 0x000000008a300000| Untracked 
| 128|0x000000008a400000, 0x000000008a400000, 0x000000008a500000|  0%| F|  |TAMS 0x000000008a400000, 0x000000008a400000| Untracked 
| 129|0x000000008a500000, 0x000000008a500000, 0x000000008a600000|  0%| F|  |TAMS 0x000000008a500000, 0x000000008a500000| Untracked 
| 130|0x000000008a600000, 0x000000008a600000, 0x000000008a700000|  0%| F|  |TAMS 0x000000008a600000, 0x000000008a600000| Untracked 
| 131|0x000000008a700000, 0x000000008a700000, 0x000000008a800000|  0%| F|  |TAMS 0x000000008a700000, 0x000000008a700000| Untracked 
| 132|0x000000008a800000, 0x000000008a800000, 0x000000008a900000|  0%| F|  |TAMS 0x000000008a800000, 0x000000008a800000| Untracked 
| 133|0x000000008a900000, 0x000000008a900000, 0x000000008aa00000|  0%| F|  |TAMS 0x000000008a900000, 0x000000008a900000| Untracked 
| 134|0x000000008aa00000, 0x000000008aa00000, 0x000000008ab00000|  0%| F|  |TAMS 0x000000008aa00000, 0x000000008aa00000| Untracked 
| 135|0x000000008ab00000, 0x000000008ab00000, 0x000000008ac00000|  0%| F|  |TAMS 0x000000008ab00000, 0x000000008ab00000| Untracked 
| 136|0x000000008ac00000, 0x000000008ad00000, 0x000000008ad00000|100%| E|  |TAMS 0x000000008ac00000, 0x000000008ac00000| Complete 
| 137|0x000000008ad00000, 0x000000008ae00000, 0x000000008ae00000|100%| E|CS|TAMS 0x000000008ad00000, 0x000000008ad00000| Complete 
| 138|0x000000008ae00000, 0x000000008af00000, 0x000000008af00000|100%| E|CS|TAMS 0x000000008ae00000, 0x000000008ae00000| Complete 
| 139|0x000000008af00000, 0x000000008b000000, 0x000000008b000000|100%| E|CS|TAMS 0x000000008af00000, 0x000000008af00000| Complete 
| 140|0x000000008b000000, 0x000000008b100000, 0x000000008b100000|100%| E|CS|TAMS 0x000000008b000000, 0x000000008b000000| Complete 
| 141|0x000000008b100000, 0x000000008b200000, 0x000000008b200000|100%| E|CS|TAMS 0x000000008b100000, 0x000000008b100000| Complete 
| 142|0x000000008b200000, 0x000000008b300000, 0x000000008b300000|100%| E|CS|TAMS 0x000000008b200000, 0x000000008b200000| Complete 
| 143|0x000000008b300000, 0x000000008b400000, 0x000000008b400000|100%| E|CS|TAMS 0x000000008b300000, 0x000000008b300000| Complete 
| 144|0x000000008b400000, 0x000000008b500000, 0x000000008b500000|100%| E|CS|TAMS 0x000000008b400000, 0x000000008b400000| Complete 
| 145|0x000000008b500000, 0x000000008b600000, 0x000000008b600000|100%| E|CS|TAMS 0x000000008b500000, 0x000000008b500000| Complete 
| 146|0x000000008b600000, 0x000000008b700000, 0x000000008b700000|100%| E|CS|TAMS 0x000000008b600000, 0x000000008b600000| Complete 
| 147|0x000000008b700000, 0x000000008b800000, 0x000000008b800000|100%| E|CS|TAMS 0x000000008b700000, 0x000000008b700000| Complete 
| 148|0x000000008b800000, 0x000000008b900000, 0x000000008b900000|100%| E|CS|TAMS 0x000000008b800000, 0x000000008b800000| Complete 
| 149|0x000000008b900000, 0x000000008ba00000, 0x000000008ba00000|100%| E|CS|TAMS 0x000000008b900000, 0x000000008b900000| Complete 
| 150|0x000000008ba00000, 0x000000008bb00000, 0x000000008bb00000|100%| E|CS|TAMS 0x000000008ba00000, 0x000000008ba00000| Complete 
| 151|0x000000008bb00000, 0x000000008bc00000, 0x000000008bc00000|100%| E|CS|TAMS 0x000000008bb00000, 0x000000008bb00000| Complete 

Card table byte_map: [0x000002917d380000,0x000002917d770000] _byte_map_base: 0x000002917cf6e000

Marking Bits (Prev, Next): (CMBitMap*) 0x00000291655a0a50, (CMBitMap*) 0x00000291655a0a18
 Prev Bits: [0x0000029100000000, 0x0000029101f70000)
 Next Bits: [0x000002917db60000, 0x000002917fad0000)

Polling page: 0x00000291634e0000

Metaspace:

Usage:
  Non-class:     29.79 MB capacity,    29.38 MB ( 99%) used,   361.52 KB (  1%) free+waste,    55.31 KB ( <1%) overhead. 
      Class:      3.81 MB capacity,     3.54 MB ( 93%) used,   256.18 KB (  7%) free+waste,    24.13 KB ( <1%) overhead. 
       Both:     33.60 MB capacity,    32.92 MB ( 98%) used,   617.70 KB (  2%) free+waste,    79.44 KB ( <1%) overhead. 

Virtual space:
  Non-class space:       32.00 MB reserved,      29.92 MB ( 94%) committed 
      Class space:        1.00 GB reserved,       3.88 MB ( <1%) committed 
             Both:        1.03 GB reserved,      33.80 MB (  3%) committed 

Chunk freelists:
   Non-Class:  11.00 KB
       Class:  31.00 KB
        Both:  42.00 KB

MaxMetaspaceSize: 17179869184.00 GB
CompressedClassSpaceSize: 1.00 GB

CodeHeap 'non-profiled nmethods': size=120000Kb used=3381Kb max_used=3381Kb free=116619Kb
 bounds [0x0000029175730000, 0x0000029175a80000, 0x000002917cc60000]
CodeHeap 'profiled nmethods': size=120000Kb used=11203Kb max_used=11203Kb free=108796Kb
 bounds [0x000002916e200000, 0x000002916ed00000, 0x0000029175730000]
CodeHeap 'non-nmethods': size=5760Kb used=1154Kb max_used=1209Kb free=4605Kb
 bounds [0x000002916dc60000, 0x000002916ded0000, 0x000002916e200000]
 total_blobs=5445 nmethods=4953 adapters=403
 compilation: enabled
              stopped_count=0, restarted_count=0
 full_count=0

Compilation events (20 events):
Event: 11.586 Thread 0x0000029104e29000 4941       3       java.lang.StringUTF16::checkIndex (9 bytes)
Event: 11.586 Thread 0x0000029104e29000 nmethod 4941 0x000002916ece7410 code [0x000002916ece75e0, 0x000002916ece7748]
Event: 11.587 Thread 0x0000029104e24800 nmethod 4934% 0x0000029175a79a10 code [0x0000029175a79c00, 0x0000029175a7a558]
Event: 11.587 Thread 0x0000029104e24800 4937       4       jdk.internal.module.SystemModuleFinders$SystemImage::reader (4 bytes)
Event: 11.588 Thread 0x0000029104e24800 nmethod 4937 0x0000029175a7a910 code [0x0000029175a7aaa0, 0x0000029175a7aaf8]
Event: 11.588 Thread 0x0000029104e24800 4942 %     4       java.lang.StringUTF16::getChars @ 16 (42 bytes)
Event: 11.589 Thread 0x0000029104e29000 4943       3       java.lang.StringUTF16::charAt (11 bytes)
Event: 11.590 Thread 0x0000029104e29000 nmethod 4943 0x000002916ece7890 code [0x000002916ece7a60, 0x000002916ece7c48]
Event: 11.594 Thread 0x0000029104e29000 4944 %     3       java.util.Arrays::fill @ 5 (21 bytes)
Event: 11.594 Thread 0x0000029104e29000 nmethod 4944% 0x000002916ece7d90 code [0x000002916ece7f40, 0x000002916ece8158]
Event: 11.594 Thread 0x0000029104e29000 4945       3       java.util.Arrays::fill (21 bytes)
Event: 11.594 Thread 0x0000029104e29000 nmethod 4945 0x000002916ece8290 code [0x000002916ece8440, 0x000002916ece85d8]
Event: 11.595 Thread 0x0000029104e24800 nmethod 4942% 0x0000029175a7ab90 code [0x0000029175a7ad20, 0x0000029175a7b098]
Event: 11.598 Thread 0x0000029104e29000 4946       1       jdk.internal.loader.BuiltinClassLoader$LoadedModule::mref (5 bytes)
Event: 11.598 Thread 0x0000029104e29000 nmethod 4946 0x0000029175a7b210 code [0x0000029175a7b3c0, 0x0000029175a7b478]
Event: 11.598 Thread 0x0000029104e29000 4947       1       jdk.internal.loader.BuiltinClassLoader$LoadedModule::codeSourceURL (5 bytes)
Event: 11.598 Thread 0x0000029104e29000 nmethod 4947 0x0000029175a7b510 code [0x0000029175a7b6c0, 0x0000029175a7b778]
Event: 11.598 Thread 0x0000029104e29000 4948       1       java.nio.DirectByteBufferR::isDirect (2 bytes)
Event: 11.598 Thread 0x0000029104e29000 nmethod 4948 0x0000029175a7b810 code [0x0000029175a7b9c0, 0x0000029175a7ba78]
Event: 11.600 Thread 0x0000029104e24800 4949 %     4       sun.nio.cs.SingleByte::initC2B @ 50 (233 bytes)

GC Heap History (14 events):
Event: 0.526 GC heap before
{Heap before GC invocations=0 (full 0):
 garbage-first heap   total 129024K, used 23552K [0x0000000082400000, 0x0000000100000000)
  region size 1024K, 24 young (24576K), 0 survivors (0K)
 Metaspace       used 12555K, capacity 12725K, committed 12928K, reserved 1060864K
  class space    used 1271K, capacity 1348K, committed 1408K, reserved 1048576K
}
Event: 0.532 GC heap after
{Heap after GC invocations=1 (full 0):
 garbage-first heap   total 129024K, used 3486K [0x0000000082400000, 0x0000000100000000)
  region size 1024K, 3 young (3072K), 3 survivors (3072K)
 Metaspace       used 12555K, capacity 12725K, committed 12928K, reserved 1060864K
  class space    used 1271K, capacity 1348K, committed 1408K, reserved 1048576K
}
Event: 1.596 GC heap before
{Heap before GC invocations=1 (full 0):
 garbage-first heap   total 129024K, used 77214K [0x0000000082400000, 0x0000000100000000)
  region size 1024K, 75 young (76800K), 3 survivors (3072K)
 Metaspace       used 20507K, capacity 20778K, committed 21120K, reserved 1069056K
  class space    used 2192K, capacity 2311K, committed 2432K, reserved 1048576K
}
Event: 1.608 GC heap after
{Heap after GC invocations=2 (full 0):
 garbage-first heap   total 129024K, used 9144K [0x0000000082400000, 0x0000000100000000)
  region size 1024K, 9 young (9216K), 9 survivors (9216K)
 Metaspace       used 20507K, capacity 20778K, committed 21120K, reserved 1069056K
  class space    used 2192K, capacity 2311K, committed 2432K, reserved 1048576K
}
Event: 1.798 GC heap before
{Heap before GC invocations=2 (full 0):
 garbage-first heap   total 129024K, used 27576K [0x0000000082400000, 0x0000000100000000)
  region size 1024K, 28 young (28672K), 9 survivors (9216K)
 Metaspace       used 20874K, capacity 21148K, committed 21296K, reserved 1069056K
  class space    used 2214K, capacity 2345K, committed 2432K, reserved 1048576K
}
Event: 1.812 GC heap after
{Heap after GC invocations=3 (full 0):
 garbage-first heap   total 129024K, used 10659K [0x0000000082400000, 0x0000000100000000)
  region size 1024K, 2 young (2048K), 2 survivors (2048K)
 Metaspace       used 20874K, capacity 21148K, committed 21296K, reserved 1069056K
  class space    used 2214K, capacity 2345K, committed 2432K, reserved 1048576K
}
Event: 3.069 GC heap before
{Heap before GC invocations=4 (full 0):
 garbage-first heap   total 129024K, used 83363K [0x0000000082400000, 0x0000000100000000)
  region size 1024K, 73 young (74752K), 2 survivors (2048K)
 Metaspace       used 26373K, capacity 26850K, committed 27056K, reserved 1073152K
  class space    used 2805K, capacity 2999K, committed 3072K, reserved 1048576K
}
Event: 3.073 GC heap after
{Heap after GC invocations=5 (full 0):
 garbage-first heap   total 129024K, used 14353K [0x0000000082400000, 0x0000000100000000)
  region size 1024K, 6 young (6144K), 6 survivors (6144K)
 Metaspace       used 26373K, capacity 26850K, committed 27056K, reserved 1073152K
  class space    used 2805K, capacity 2999K, committed 3072K, reserved 1048576K
}
Event: 3.883 GC heap before
{Heap before GC invocations=5 (full 0):
 garbage-first heap   total 129024K, used 85009K [0x0000000082400000, 0x0000000100000000)
  region size 1024K, 75 young (76800K), 6 survivors (6144K)
 Metaspace       used 31107K, capacity 31727K, committed 31920K, reserved 1077248K
  class space    used 3308K, capacity 3544K, committed 3584K, reserved 1048576K
}
Event: 3.899 GC heap after
{Heap after GC invocations=6 (full 0):
 garbage-first heap   total 129024K, used 20571K [0x0000000082400000, 0x0000000100000000)
  region size 1024K, 10 young (10240K), 10 survivors (10240K)
 Metaspace       used 31107K, capacity 31727K, committed 31920K, reserved 1077248K
  class space    used 3308K, capacity 3544K, committed 3584K, reserved 1048576K
}
Event: 4.140 GC heap before
{Heap before GC invocations=6 (full 0):
 garbage-first heap   total 129024K, used 87131K [0x0000000082400000, 0x0000000100000000)
  region size 1024K, 75 young (76800K), 10 survivors (10240K)
 Metaspace       used 31117K, capacity 31727K, committed 31920K, reserved 1077248K
  class space    used 3308K, capacity 3544K, committed 3584K, reserved 1048576K
}
Event: 4.152 GC heap after
{Heap after GC invocations=7 (full 0):
 garbage-first heap   total 155648K, used 22209K [0x0000000082400000, 0x0000000100000000)
  region size 1024K, 5 young (5120K), 5 survivors (5120K)
 Metaspace       used 31117K, capacity 31727K, committed 31920K, reserved 1077248K
  class space    used 3308K, capacity 3544K, committed 3584K, reserved 1048576K
}
Event: 4.477 GC heap before
{Heap before GC invocations=7 (full 0):
 garbage-first heap   total 155648K, used 105153K [0x0000000082400000, 0x0000000100000000)
  region size 1024K, 86 young (88064K), 5 survivors (5120K)
 Metaspace       used 31210K, capacity 31855K, committed 31920K, reserved 1077248K
  class space    used 3315K, capacity 3544K, committed 3584K, reserved 1048576K
}
Event: 4.484 GC heap after
{Heap after GC invocations=8 (full 0):
 garbage-first heap   total 155648K, used 21456K [0x0000000082400000, 0x0000000100000000)
  region size 1024K, 4 young (4096K), 4 survivors (4096K)
 Metaspace       used 31210K, capacity 31855K, committed 31920K, reserved 1077248K
  class space    used 3315K, capacity 3544K, committed 3584K, reserved 1048576K
}

Deoptimization events (20 events):
Event: 4.000 Thread 0x0000029108af1000 DEOPT PACKING pc=0x00000291759b4510 sp=0x000000e9406fe500
Event: 4.000 Thread 0x0000029108af1000 DEOPT UNPACKING pc=0x000002916dc8662f sp=0x000000e9406fe440 mode 2
Event: 4.139 Thread 0x0000029108af1000 Uncommon trap: trap_request=0x00000033 fr.pc=0x0000029175a1e868 relative=0x0000000000006808
Event: 4.139 Thread 0x0000029108af1000 Uncommon trap: reason=unloaded action=reinterpret pc=0x0000029175a1e868 method=org.apache.tomcat.util.bcel.classfile.Attribute.readAttribute(Ljava/io/DataInputStream;Lorg/apache/tomcat/util/bcel/classfile/ConstantPool;)Lorg/apache/tomcat/util/bcel/classfi
Event: 4.139 Thread 0x0000029108af1000 DEOPT PACKING pc=0x0000029175a1e868 sp=0x000000e9406fe840
Event: 4.139 Thread 0x0000029108af1000 DEOPT UNPACKING pc=0x000002916dc8662f sp=0x000000e9406fe828 mode 2
Event: 11.413 Thread 0x0000029108545000 Uncommon trap: trap_request=0xffffff4d fr.pc=0x000002917576a7b0 relative=0x0000000000000ef0
Event: 11.413 Thread 0x0000029108545000 Uncommon trap: reason=unstable_if action=reinterpret pc=0x000002917576a7b0 method=java.util.concurrent.ConcurrentHashMap.putVal(Ljava/lang/Object;Ljava/lang/Object;Z)Ljava/lang/Object; @ 97 c2
Event: 11.413 Thread 0x0000029108545000 DEOPT PACKING pc=0x000002917576a7b0 sp=0x000000e9401fe050
Event: 11.413 Thread 0x0000029108545000 DEOPT UNPACKING pc=0x000002916dc8662f sp=0x000000e9401fdfe8 mode 2
Event: 11.476 Thread 0x0000029108546000 Uncommon trap: trap_request=0xffffff4d fr.pc=0x00000291759649ec relative=0x000000000000048c
Event: 11.476 Thread 0x0000029108546000 Uncommon trap: reason=unstable_if action=reinterpret pc=0x00000291759649ec method=java.lang.StringLatin1.compareToCI([B[B)I @ 68 c2
Event: 11.477 Thread 0x0000029108546000 DEOPT PACKING pc=0x00000291759649ec sp=0x000000e940bfbd50
Event: 11.477 Thread 0x0000029108546000 DEOPT UNPACKING pc=0x000002916dc8662f sp=0x000000e940bfbbd8 mode 2
Event: 11.477 Thread 0x0000029108546000 Uncommon trap: trap_request=0xffffff4d fr.pc=0x00000291759639a4 relative=0x00000000000003e4
Event: 11.477 Thread 0x0000029108546000 Uncommon trap: reason=unstable_if action=reinterpret pc=0x00000291759639a4 method=java.lang.StringLatin1.compareToCI([B[B)I @ 68 c2
Event: 11.477 Thread 0x0000029108546000 DEOPT PACKING pc=0x00000291759639a4 sp=0x000000e940bfbc70
Event: 11.477 Thread 0x0000029108546000 DEOPT UNPACKING pc=0x000002916dc8662f sp=0x000000e940bfbbe8 mode 2
Event: 11.601 Thread 0x0000029108546000 DEOPT PACKING pc=0x000002916ecdac13 sp=0x000000e940bfb2a0
Event: 11.601 Thread 0x0000029108546000 DEOPT UNPACKING pc=0x000002916dc86dde sp=0x000000e940bfa778 mode 0

Classes redefined (0 events):
No events

Internal exceptions (20 events):
Event: 1.561 Thread 0x000002916555f000 Implicit null exception at 0x0000029175793d2f to 0x0000029175793d9d
Event: 2.590 Thread 0x000002916555f000 Exception <a 'java/io/FileNotFoundException'{0x0000000086037710}> (0x0000000086037710) thrown at [./src/hotspot/share/prims/jni.cpp, line 615]
Event: 2.923 Thread 0x000002916555f000 Exception <a 'java/lang/NoSuchMethodError'{0x0000000085f41150}: 'java.lang.Object java.lang.invoke.DirectMethodHandle$Holder.invokeStaticInit(java.lang.Object, java.lang.Object, int, int, int, int)'> (0x0000000085f41150) thrown at [./src/hotspot/share/interpreter/linkResolver.cpp, line 773]
Event: 3.050 Thread 0x000002916555f000 Exception <a 'java/lang/NoSuchMethodError'{0x000000008598a660}: 'java.lang.Object java.lang.invoke.DirectMethodHandle$Holder.invokeStaticInit(java.lang.Object, java.lang.Object, java.lang.Object)'> (0x000000008598a660) thrown at [./src/hotspot/share/interpreter/linkResolver.cpp, line 773]
Event: 3.053 Thread 0x000002916555f000 Exception <a 'java/lang/NoSuchMethodError'{0x00000000859a4148}: 'int java.lang.invoke.DirectMethodHandle$Holder.invokeInterface(java.lang.Object, java.lang.Object)'> (0x00000000859a4148) thrown at [./src/hotspot/share/interpreter/linkResolver.cpp, line 773]
Event: 3.053 Thread 0x000002916555f000 Exception <a 'java/lang/IncompatibleClassChangeError'{0x00000000859a7168}: Found class java.lang.Object, but interface was expected> (0x00000000859a7168) thrown at [./src/hotspot/share/interpreter/linkResolver.cpp, line 839]
Event: 3.083 Thread 0x000002916555f000 Exception <a 'java/lang/NoSuchMethodError'{0x000000008a16fc68}: 'java.lang.Object java.lang.invoke.DirectMethodHandle$Holder.invokeStatic(java.lang.Object, java.lang.Object, java.lang.Object, java.lang.Object, java.lang.Object, java.lang.Object, java.lang.Object, java.lang.Object, java.lang.Object, java.lang.Object, java.lang.Object, int)'> (0x000000008a16fc68) thrown at [./src/hotspot/share/interpreter/linkResolver.cpp, line 773]
Event: 3.085 Thread 0x000002916555f000 Exception <a 'java/lang/NoSuchMethodError'{0x000000008a1d9028}: 'java.lang.Object java.lang.invoke.DirectMethodHandle$Holder.invokeStatic(java.lang.Object, java.lang.Object, java.lang.Object, java.lang.Object, java.lang.Object, java.lang.Object, java.lang.Object, java.lang.Object, java.lang.Object, java.lang.Object, java.lang.Object, int, int)'> (0x000000008a1d9028) thrown at [./src/hotspot/share/interpreter/linkResolver.cpp, line 773]
Event: 3.086 Thread 0x000002916555f000 Exception <a 'java/lang/NoSuchMethodError'{0x000000008a1f8638}: 'java.lang.Object java.lang.invoke.DirectMethodHandle$Holder.invokeStatic(java.lang.Object, java.lang.Object, java.lang.Object, java.lang.Object, java.lang.Object, java.lang.Object, java.lang.Object, java.lang.Object, java.lang.Object, java.lang.Object, java.lang.Object, int, int, java.lang.Object)'> (0x000000008a1f8638) thrown at [./src/hotspot/share/interpreter/linkResolver.cpp, line 773]
Event: 3.088 Thread 0x000002916555f000 Exception <a 'java/lang/NoSuchMethodError'{0x000000008a019868}: 'java.lang.Object java.lang.invoke.DirectMethodHandle$Holder.invokeStatic(java.lang.Object, java.lang.Object, java.lang.Object, java.lang.Object, java.lang.Object, java.lang.Object, java.lang.Object, java.lang.Object, java.lang.Object, java.lang.Object, java.lang.Object, int, int, java.lang.Object, java.lang.Object)'> (0x000000008a019868) thrown at [./src/hotspot/share/interpreter/linkResolver.cpp, line 773]
Event: 3.137 Thread 0x000002916555f000 Exception <a 'java/lang/NoSuchMethodError'{0x0000000089e8ac28}: 'java.lang.Object java.lang.invoke.DirectMethodHandle$Holder.invokeStatic(java.lang.Object, java.lang.Object, java.lang.Object, java.lang.Object, java.lang.Object, java.lang.Object, java.lang.Object, java.lang.Object, java.lang.Object, java.lang.Object, java.lang.Object, java.lang.Object, java.lang.Object, java.lang.Object, java.lang.Object)'> (0x0000000089e8ac28) thrown at [./src/hotspot/share/interpreter/linkResolver.cpp, line 773]
Event: 3.137 Thread 0x000002916555f000 Exception <a 'java/lang/NoSuchMethodError'{0x0000000089e98ae0}: 'java.lang.Object java.lang.invoke.DirectMethodHandle$Holder.invokeStatic(java.lang.Object, java.lang.Object, java.lang.Object, java.lang.Object, java.lang.Object, java.lang.Object, java.lang.Object, java.lang.Object, java.lang.Object, java.lang.Object, java.lang.Object, java.lang.Object, java.lang.Object, java.lang.Object, java.lang.Object, java.lang.Object)'> (0x0000000089e98ae0) thrown at [./src/hotspot/share/interpreter/linkResolver.cpp, l
Event: 3.138 Thread 0x000002916555f000 Exception <a 'java/lang/NoSuchMethodError'{0x0000000089ea69f8}: 'java.lang.Object java.lang.invoke.DirectMethodHandle$Holder.invokeSpecial(java.lang.Object, java.lang.Object, int, int, java.lang.Object, java.lang.Object, java.lang.Object)'> (0x0000000089ea69f8) thrown at [./src/hotspot/share/interpreter/linkResolver.cpp, line 773]
Event: 3.138 Thread 0x000002916555f000 Exception <a 'java/lang/NoSuchMethodError'{0x0000000089eaa230}: 'java.lang.Object java.lang.invoke.DelegatingMethodHandle$Holder.reinvoke_L(java.lang.Object, int, int, java.lang.Object, java.lang.Object, java.lang.Object)'> (0x0000000089eaa230) thrown at [./src/hotspot/share/interpreter/linkResolver.cpp, line 773]
Event: 3.139 Thread 0x000002916555f000 Exception <a 'java/lang/NoSuchMethodError'{0x0000000089eae860}: 'java.lang.Object java.lang.invoke.DirectMethodHandle$Holder.invokeStatic(java.lang.Object, java.lang.Object, java.lang.Object, java.lang.Object, int)'> (0x0000000089eae860) thrown at [./src/hotspot/share/interpreter/linkResolver.cpp, line 773]
Event: 3.317 Thread 0x000002916555f000 Exception <a 'java/lang/ClassNotFoundException'{0x00000000898d5ad8}: sun/util/logging/resources/spi/loggingProvider> (0x00000000898d5ad8) thrown at [./src/hotspot/share/classfile/systemDictionary.cpp, line 231]
Event: 3.440 Thread 0x0000029108af1000 Implicit null exception at 0x000002917596a714 to 0x000002917596ac38
Event: 3.440 Thread 0x0000029108af1000 Implicit null exception at 0x0000029175867294 to 0x0000029175867798
Event: 3.555 Thread 0x0000029108af1000 Implicit null exception at 0x00000291758c504f to 0x00000291758c58c8
Event: 4.818 Thread 0x0000029108af1000 Exception <a 'java/io/FileNotFoundException'{0x000000008b688378}> (0x000000008b688378) thrown at [./src/hotspot/share/prims/jni.cpp, line 615]

Events (20 events):
Event: 11.564 loading class sun/nio/cs/DoubleByte$Decoder_EBCDIC done
Event: 11.564 loading class sun/nio/cs/DoubleByte$Encoder_EBCDIC
Event: 11.564 loading class sun/nio/cs/DoubleByte$Encoder_EBCDIC done
Event: 11.566 loading class sun/nio/cs/DoubleByte$Decoder_EUC_SIM
Event: 11.566 loading class sun/nio/cs/DoubleByte$Decoder_EUC_SIM done
Event: 11.566 loading class sun/nio/cs/DoubleByte$Encoder_EUC_SIM
Event: 11.566 loading class sun/nio/cs/DoubleByte$Encoder_EUC_SIM done
Event: 11.583 loading class sun/nio/cs/DoubleByte
Event: 11.583 loading class sun/nio/cs/DoubleByte done
Event: 11.604 loading class sun/nio/cs/CharsetMapping
Event: 11.605 loading class sun/nio/cs/CharsetMapping done
Event: 11.605 loading class sun/nio/cs/CharsetMapping$2
Event: 11.605 loading class sun/nio/cs/CharsetMapping$2 done
Event: 11.605 loading class sun/nio/cs/CharsetMapping$3
Event: 11.605 loading class sun/nio/cs/CharsetMapping$3 done
Event: 11.605 loading class sun/nio/cs/CharsetMapping$4
Event: 11.606 loading class sun/nio/cs/CharsetMapping$4 done
Event: 11.606 loading class sun/nio/cs/CharsetMapping$1
Event: 11.606 loading class sun/nio/cs/CharsetMapping$1 done
Event: 11.607 loading class sun/nio/cs/CharsetMapping$Entry


Dynamic libraries:
0x00007ff713c70000 - 0x00007ff713c7d000 	C:\Users\Anton\.jdks\corretto-11.0.11\bin\java.exe
0x00007ffce2140000 - 0x00007ffce2330000 	C:\WINDOWS\SYSTEM32\ntdll.dll
0x00007ffce11f0000 - 0x00007ffce12a2000 	C:\WINDOWS\System32\KERNEL32.DLL
0x00007ffcdf740000 - 0x00007ffcdf9e4000 	C:\WINDOWS\System32\KERNELBASE.dll
0x00007ffcdf250000 - 0x00007ffcdf34a000 	C:\WINDOWS\System32\ucrtbase.dll
0x00007ffcd6900000 - 0x00007ffcd6917000 	C:\Users\Anton\.jdks\corretto-11.0.11\bin\jli.dll
0x00007ffcd65d0000 - 0x00007ffcd65e9000 	C:\Users\Anton\.jdks\corretto-11.0.11\bin\VCRUNTIME140.dll
0x00007ffce0490000 - 0x00007ffce0625000 	C:\WINDOWS\System32\USER32.dll
0x00007ffcdf220000 - 0x00007ffcdf241000 	C:\WINDOWS\System32\win32u.dll
0x00007ffcb06c0000 - 0x00007ffcb0944000 	C:\WINDOWS\WinSxS\amd64_microsoft.windows.common-controls_6595b64144ccf1df_6.0.18362.1016_none_9e7a36bbe461dae4\COMCTL32.dll
0x00007ffce0ac0000 - 0x00007ffce0ae6000 	C:\WINDOWS\System32\GDI32.dll
0x00007ffce0cb0000 - 0x00007ffce0d4e000 	C:\WINDOWS\System32\msvcrt.dll
0x00007ffcdf500000 - 0x00007ffcdf696000 	C:\WINDOWS\System32\gdi32full.dll
0x00007ffcdf6a0000 - 0x00007ffcdf73e000 	C:\WINDOWS\System32\msvcp_win.dll
0x00007ffce0780000 - 0x00007ffce0ab5000 	C:\WINDOWS\System32\combase.dll
0x00007ffce12c0000 - 0x00007ffce13e0000 	C:\WINDOWS\System32\RPCRT4.dll
0x00007ffcdf0f0000 - 0x00007ffcdf170000 	C:\WINDOWS\System32\bcryptPrimitives.dll
0x00007ffce02a0000 - 0x00007ffce02ce000 	C:\WINDOWS\System32\IMM32.DLL
0x00007ffc99ce0000 - 0x00007ffc99d7b000 	C:\Users\Anton\.jdks\corretto-11.0.11\bin\msvcp140.dll
0x00007ffc86190000 - 0x00007ffc86cdc000 	C:\Users\Anton\.jdks\corretto-11.0.11\bin\server\jvm.dll
0x00007ffce01f0000 - 0x00007ffce0293000 	C:\WINDOWS\System32\ADVAPI32.dll
0x00007ffce0e00000 - 0x00007ffce0e97000 	C:\WINDOWS\System32\sechost.dll
0x00007ffce13e0000 - 0x00007ffce13e8000 	C:\WINDOWS\System32\PSAPI.DLL
0x00007ffcbe4b0000 - 0x00007ffcbe4b9000 	C:\WINDOWS\SYSTEM32\WSOCK32.dll
0x00007ffcda1f0000 - 0x00007ffcda214000 	C:\WINDOWS\SYSTEM32\WINMM.dll
0x00007ffcd4db0000 - 0x00007ffcd4dba000 	C:\WINDOWS\SYSTEM32\VERSION.dll
0x00007ffce0c40000 - 0x00007ffce0caf000 	C:\WINDOWS\System32\WS2_32.dll
0x00007ffcda1c0000 - 0x00007ffcda1ed000 	C:\WINDOWS\SYSTEM32\winmmbase.dll
0x00007ffcdf9f0000 - 0x00007ffcdfa3a000 	C:\WINDOWS\System32\cfgmgr32.dll
0x00007ffcdf020000 - 0x00007ffcdf031000 	C:\WINDOWS\System32\kernel.appcore.dll
0x00007ffcda2b0000 - 0x00007ffcda2c0000 	C:\Users\Anton\.jdks\corretto-11.0.11\bin\verify.dll
0x00007ffcdc860000 - 0x00007ffcdca54000 	C:\WINDOWS\SYSTEM32\DBGHELP.DLL
0x00007ffcbe480000 - 0x00007ffcbe4aa000 	C:\WINDOWS\SYSTEM32\dbgcore.DLL
0x00007ffcd5f60000 - 0x00007ffcd5f88000 	C:\Users\Anton\.jdks\corretto-11.0.11\bin\java.dll
0x00007ffcd5f50000 - 0x00007ffcd5f5a000 	C:\Users\Anton\.jdks\corretto-11.0.11\bin\jimage.dll
0x00007ffcd5f30000 - 0x00007ffcd5f47000 	C:\Users\Anton\.jdks\corretto-11.0.11\bin\zip.dll
0x00007ffce1a10000 - 0x00007ffce20f7000 	C:\WINDOWS\System32\SHELL32.dll
0x00007ffce0d50000 - 0x00007ffce0df9000 	C:\WINDOWS\System32\shcore.dll
0x00007ffcdfa60000 - 0x00007ffce01e2000 	C:\WINDOWS\System32\windows.storage.dll
0x00007ffcdf040000 - 0x00007ffcdf063000 	C:\WINDOWS\System32\profapi.dll
0x00007ffcdf070000 - 0x00007ffcdf0ba000 	C:\WINDOWS\System32\powrprof.dll
0x00007ffcdeff0000 - 0x00007ffcdf000000 	C:\WINDOWS\System32\UMPDC.dll
0x00007ffce0430000 - 0x00007ffce0482000 	C:\WINDOWS\System32\shlwapi.dll
0x00007ffcdfa40000 - 0x00007ffcdfa57000 	C:\WINDOWS\System32\cryptsp.dll
0x00007ffcd5f10000 - 0x00007ffcd5f29000 	C:\Users\Anton\.jdks\corretto-11.0.11\bin\net.dll
0x00007ffcdd210000 - 0x00007ffcdd300000 	C:\WINDOWS\SYSTEM32\WINHTTP.dll
0x00007ffcde850000 - 0x00007ffcde8b7000 	C:\WINDOWS\system32\mswsock.dll
0x00007ffccc5f0000 - 0x00007ffccc602000 	C:\Users\Anton\.jdks\corretto-11.0.11\bin\nio.dll
0x0000000069ac0000 - 0x0000000069ae4000 	C:\Program Files\Maven\apache-maven-3.8.6\lib\jansi-native\Windows\x86_64\jansi.dll
0x00007ffcde3c0000 - 0x00007ffcde3f3000 	C:\WINDOWS\system32\rsaenh.dll
0x00007ffcdf0c0000 - 0x00007ffcdf0e6000 	C:\WINDOWS\System32\bcrypt.dll
0x00007ffcdef10000 - 0x00007ffcdef35000 	C:\WINDOWS\SYSTEM32\USERENV.dll
0x00007ffcdea20000 - 0x00007ffcdea2c000 	C:\WINDOWS\SYSTEM32\CRYPTBASE.dll
0x00007ffcde560000 - 0x00007ffcde59a000 	C:\WINDOWS\SYSTEM32\IPHLPAPI.DLL
0x00007ffce12b0000 - 0x00007ffce12b8000 	C:\WINDOWS\System32\NSI.dll
0x00007ffcd5fb0000 - 0x00007ffcd5fc6000 	C:\WINDOWS\SYSTEM32\dhcpcsvc6.DLL
0x00007ffcd5100000 - 0x00007ffcd511c000 	C:\WINDOWS\SYSTEM32\dhcpcsvc.DLL
0x00007ffcde5a0000 - 0x00007ffcde66b000 	C:\WINDOWS\SYSTEM32\DNSAPI.dll
0x00007ffcd5f00000 - 0x00007ffcd5f09000 	C:\Users\Anton\.jdks\corretto-11.0.11\bin\management.dll
0x00007ffcd4d70000 - 0x00007ffcd4d7b000 	C:\Users\Anton\.jdks\corretto-11.0.11\bin\management_ext.dll

dbghelp: loaded successfully - version: 4.0.5 - missing functions: none
symbol engine: initialized successfully - sym options: 0x614 - pdb path: .;C:\Users\Anton\.jdks\corretto-11.0.11\bin;C:\WINDOWS\SYSTEM32;C:\WINDOWS\WinSxS\amd64_microsoft.windows.common-controls_6595b64144ccf1df_6.0.18362.1016_none_9e7a36bbe461dae4;C:\Users\Anton\.jdks\corretto-11.0.11\bin\server;C:\Program Files\Maven\apache-maven-3.8.6\lib\jansi-native\Windows\x86_64

VM Arguments:
jvm_args: -Dclassworlds.conf=C:\Program Files\Maven\apache-maven-3.8.6\bin\m2.conf -Dmaven.home=C:\Program Files\Maven\apache-maven-3.8.6 -Dlibrary.jansi.path=C:\Program Files\Maven\apache-maven-3.8.6\lib\jansi-native -Dmaven.multiModuleProjectDirectory=C:\Users\Anton\source\4k-1c\labs\programming_into_internet\lab3 
java_command: org.codehaus.plexus.classworlds.launcher.Launcher tomcat7:run
java_class_path (initial): C:\Program Files\Maven\apache-maven-3.8.6\boot\plexus-classworlds-2.6.0.jar
Launcher Type: SUN_STANDARD

[Global flags]
     intx CICompilerCount                          = 4                                         {product} {ergonomic}
     uint ConcGCThreads                            = 2                                         {product} {ergonomic}
     uint G1ConcRefinementThreads                  = 8                                         {product} {ergonomic}
   size_t G1HeapRegionSize                         = 1048576                                   {product} {ergonomic}
    uintx GCDrainStackTargetSize                   = 64                                        {product} {ergonomic}
   size_t InitialHeapSize                          = 132120576                                 {product} {ergonomic}
   size_t MarkStackSize                            = 4194304                                   {product} {ergonomic}
   size_t MaxHeapSize                              = 2109734912                                {product} {ergonomic}
   size_t MaxNewSize                               = 1265631232                                {product} {ergonomic}
   size_t MinHeapDeltaBytes                        = 1048576                                   {product} {ergonomic}
    uintx NonNMethodCodeHeapSize                   = 5836300                                {pd product} {ergonomic}
    uintx NonProfiledCodeHeapSize                  = 122910970                              {pd product} {ergonomic}
    uintx ProfiledCodeHeapSize                     = 122910970                              {pd product} {ergonomic}
    uintx ReservedCodeCacheSize                    = 251658240                              {pd product} {ergonomic}
     bool SegmentedCodeCache                       = true                                      {product} {ergonomic}
     bool UseCompressedClassPointers               = true                                 {lp64_product} {ergonomic}
     bool UseCompressedOops                        = true                                 {lp64_product} {ergonomic}
     bool UseG1GC                                  = true                                      {product} {ergonomic}
     bool UseLargePagesIndividualAllocation        = false                                  {pd product} {ergonomic}

Logging:
Log output configuration:
 #0: stdout all=warning uptime,level,tags
 #1: stderr all=off uptime,level,tags

Environment Variables:
JAVA_HOME=C:\Users\Anton\.jdks\corretto-11.0.11
PATH=C:\Program Files (x86)\Common Files\Oracle\Java\javapath;C:\app\oracle\product\12.1.0\dbhome_2\bin;C:\app\oracle\product\12.1.0\dbhome_1\bin;C:\Python39\Scripts\;C:\Python39\;C:\Users\Anton\.jdks\corretto-11.0.11\bin;C:\Program Files (x86)\Intel\iCLS Client\;C:\Program Files\Intel\iCLS Client\;C:\WINDOWS\system32;C:\WINDOWS;C:\WINDOWS\System32\Wbem;C:\WINDOWS\System32\WindowsPowerShell\v1.0\;C:\Program Files (x86)\Intel\Intel(R) Management Engine Components\DAL;C:\Program Files\Intel\Intel(R) Management Engine Components\DAL;C:\Program Files (x86)\Intel\Intel(R) Management Engine Components\IPT;C:\Program Files\Intel\Intel(R) Management Engine Components\IPT;C:\WINDOWS\System32\OpenSSH\;C:\Program Files\Intel\WiFi\bin\;C:\Program Files\Common Files\Intel\WirelessCommon\;C:\Program Files\Git\cmd;C:\Program Files\Microsoft SQL Server\130\Tools\Binn\;C:\Program Files\Microsoft SQL Server\Client SDK\ODBC\170\Tools\Binn\;C:\Program Files (x86)\Microsoft SQL Server\150\DTS\Binn\;C:\Program Files (x86)\Microsoft SQL Server\150\Tools\Binn\;C:\Program Files\Microsoft SQL Server\150\Tools\Binn\;C:\Program Files\Microsoft SQL Server\150\DTS\Binn\;C:\ProgramData\chocolatey\bin;c:\aspectj1.9\bin;C:\Program Files\PostgreSQL\14\bin;C:\sqlite3;C:\Program Files\dotnet\;C:\Opencv\opencv\build\bin;C:\Program Files\Maven\apache-maven-3.8.6\bin;C:\Users\Anton\AppData\Roaming\nvm;C:\Program Files\nodejs;C:\Users\Anton\AppData\Local\Programs\Python\Python310\Scripts\;C:\Users\Anton\AppData\Local\Programs\Python\Python310\;C:\Users\Anton\.jdks\corretto-11.0.11\bin;C:\Program Files\Azure Data Studio\bin;C:\Users\Anton\AppData\Local\Programs\Microsoft VS Code\bin;C:\Users\Anton\.dotnet\tools;C:\Program Files\JetBrains\IntelliJ IDEA 2021.1.2\bin;;C:\Users\Anton\source\repos\pacei_NV_sovremenueTehnologiyVInternet\\Lab11(Maven)\apache-maven-3.8.1\bin\;C:\Users\Anton\AppData\Roaming\npm;c:\aspectj1.9\bin;C:\Program Files\heroku\bin;C:\Program Files\PostgreSQL\14\bin;C:\Program File
USERNAME=Anton
OS=Windows_NT
PROCESSOR_IDENTIFIER=Intel64 Family 6 Model 142 Stepping 10, GenuineIntel



---------------  S Y S T E M  ---------------

OS: Windows 10 , 64 bit Build 18362 (10.0.18362.959)
OS uptime: 3 days 18:35 hours

CPU:total 8 (initial active 8) (4 cores per cpu, 2 threads per core) family 6 model 142 stepping 10 microcode 0xca, cmov, cx8, fxsr, mmx, sse, sse2, sse3, ssse3, sse4.1, sse4.2, popcnt, avx, avx2, aes, clmul, erms, 3dnowpref, lzcnt, ht, tsc, tscinvbit, bmi1, bmi2, adx, fma

Memory: 4k page, system-wide physical 8046M (562M free)
TotalPageFile size 14190M (AvailPageFile size 44M)
current process WorkingSet (physical memory assigned to process): 252M, peak: 303M
current process commit charge ("private bytes"): 318M, peak: 369M

vm_info: OpenJDK 64-Bit Server VM (11.0.11+9-LTS) for windows-amd64 JRE (11.0.11+9-LTS), built on Apr 14 2021 00:00:20 by "Administrator" with MS VC++ 15.9 (VS2017)

END.
